15:33:54.715 INFO - Selenium build info: version: '3.6.0', revision: '6fbf3ec767'
15:33:54.715 INFO - Launching a standalone Selenium Server
2560-11-30 15:33:54.752:INFO::main: Logging initialized @308ms to org.seleniumhq.jetty9.util.log.StdErrLog
15:33:54.805 INFO - Driver class not found: com.opera.core.systems.OperaDriver
15:33:54.836 INFO - Driver provider class org.openqa.selenium.safari.SafariDriver registration is skipped:
 registration capabilities Capabilities [{browserName=safari, version=, platform=MAC}] does not match the current platform WIN8_1
15:33:54.883 INFO - Using the passthrough mode handler
2560-11-30 15:33:54.915:INFO:osjs.Server:main: jetty-9.4.5.v20170502
2560-11-30 15:33:54.946:WARN:osjs.SecurityHandler:main: ServletContext@o.s.j.s.ServletContextHandler@731a74c{/,null,STARTING} has uncovered http methods for path: /
2560-11-30 15:33:54.946:INFO:osjsh.ContextHandler:main: Started o.s.j.s.ServletContextHandler@731a74c{/,null,AVAILABLE}
2560-11-30 15:33:55.024:INFO:osjs.AbstractConnector:main: Started ServerConnector@28fc142a{HTTP/1.1,[http/1.1]}{0.0.0.0:4444}
2560-11-30 15:33:55.024:INFO:osjs.Server:main: Started @589ms
15:33:55.024 INFO - Selenium Server is up and running
2560-11-30 15:33:55.305:INFO:osjshC.ROOT:qtp1617791695-11: org.openqa.selenium.remote.server.WebDriverServlet-5e5792a0: Initialising WebDriverServlet
15:33:55.352 INFO - Binding default provider to: org.openqa.selenium.chrome.ChromeDriverService
15:33:55.352 INFO - Found handler: org.openqa.selenium.remote.server.commandhandler.BeginSession@48b75ce6
15:33:55.352 INFO - /session: Executing POST on /session (handler: BeginSession)
15:33:55.399 INFO - Capabilities are: Capabilities {acceptSslCerts=true, marionette=true, name=Test Object 10 File Attachment, browserName=chrome, javascriptEnabled=true, platformName=ANY, platform=ANY, }
15:33:55.415 INFO - Capabilities {acceptSslCerts=true, marionette=true, name=Test Object 10 File Attachment, browserName=chrome, javascriptEnabled=true, platformName=ANY, platform=ANY, } matched class org.openqa.selenium.remote.server.ServicedSession$Factory (provider: org.openqa.selenium.chrome.ChromeDriverService)
15:33:55.415 INFO - Capabilities {acceptSslCerts=true, marionette=true, name=Test Object 10 File Attachment, browserName=chrome, javascriptEnabled=true, platformName=ANY, platform=ANY, } matched class org.openqa.selenium.remote.server.ServicedSession$Factory (provider: org.openqa.selenium.chrome.ChromeDriverService)
Starting ChromeDriver 2.33.506120 (e3e53437346286c0bc2d2dc9aa4915ba81d9023f) on port 37246
Only local connections are allowed.
15:33:58.053 INFO - Found handler: org.openqa.selenium.remote.server.ServicedSession@787c0b
15:33:58.053 INFO - Handler thread for session ec38488a0ddef28c1769de2cbb9cf65d (chrome): Executing POST on /session/ec38488a0ddef28c1769de2cbb9cf65d/url (handler: ServicedSession)
15:33:58.053 INFO - To upstream: {"url":"http://localhost:1337/page/opsportal"}
15:33:59.968 INFO - To downstream: {"sessionId":"ec38488a0ddef28c1769de2cbb9cf65d","status":0,"value":null}
15:33:59.977 INFO - Found handler: org.openqa.selenium.remote.server.ServicedSession@787c0b
15:33:59.977 INFO - Handler thread for session ec38488a0ddef28c1769de2cbb9cf65d (chrome): Executing POST on /session/ec38488a0ddef28c1769de2cbb9cf65d/elements (handler: ServicedSession)
15:33:59.979 INFO - To upstream: {"using":"css selector","value":"body"}
15:34:00.003 INFO - To downstream: {"sessionId":"ec38488a0ddef28c1769de2cbb9cf65d","status":0,"value":[{"ELEMENT":"0.39817048593001125-1"}]}
15:34:00.007 INFO - Found handler: org.openqa.selenium.remote.server.ServicedSession@787c0b
15:34:00.007 INFO - Handler thread for session ec38488a0ddef28c1769de2cbb9cf65d (chrome): Executing GET on /session/ec38488a0ddef28c1769de2cbb9cf65d/element/0.39817048593001125-1/displayed (handler: ServicedSession)
15:34:00.025 INFO - To downstream: {"sessionId":"ec38488a0ddef28c1769de2cbb9cf65d","status":0,"value":true}
15:34:00.031 INFO - Found handler: org.openqa.selenium.remote.server.ServicedSession@787c0b
15:34:00.031 INFO - Handler thread for session ec38488a0ddef28c1769de2cbb9cf65d (chrome): Executing POST on /session/ec38488a0ddef28c1769de2cbb9cf65d/element (handler: ServicedSession)
15:34:00.033 INFO - To upstream: {"using":"css selector","value":"input[id=\"user-name\"]"}
15:34:00.054 INFO - To downstream: {"sessionId":"ec38488a0ddef28c1769de2cbb9cf65d","status":0,"value":{"ELEMENT":"0.39817048593001125-2"}}
15:34:00.058 INFO - Found handler: org.openqa.selenium.remote.server.ServicedSession@787c0b
15:34:00.058 INFO - Handler thread for session ec38488a0ddef28c1769de2cbb9cf65d (chrome): Executing POST on /session/ec38488a0ddef28c1769de2cbb9cf65d/element/0.39817048593001125-2/value (handler: ServicedSession)
15:34:00.060 INFO - To upstream: {"value":["a","d","m","i","n"]}
15:34:00.118 INFO - To downstream: {"sessionId":"ec38488a0ddef28c1769de2cbb9cf65d","status":0,"value":null}
15:34:00.122 INFO - Found handler: org.openqa.selenium.remote.server.ServicedSession@787c0b
15:34:00.123 INFO - Handler thread for session ec38488a0ddef28c1769de2cbb9cf65d (chrome): Executing POST on /session/ec38488a0ddef28c1769de2cbb9cf65d/element (handler: ServicedSession)
15:34:00.125 INFO - To upstream: {"using":"css selector","value":"input[id=\"user-pw\"]"}
15:34:00.146 INFO - To downstream: {"sessionId":"ec38488a0ddef28c1769de2cbb9cf65d","status":0,"value":{"ELEMENT":"0.39817048593001125-3"}}
15:34:00.149 INFO - Found handler: org.openqa.selenium.remote.server.ServicedSession@787c0b
15:34:00.149 INFO - Handler thread for session ec38488a0ddef28c1769de2cbb9cf65d (chrome): Executing POST on /session/ec38488a0ddef28c1769de2cbb9cf65d/element/0.39817048593001125-3/value (handler: ServicedSession)
15:34:00.151 INFO - To upstream: {"value":["a","d","m","i","n"]}
15:34:00.205 INFO - To downstream: {"sessionId":"ec38488a0ddef28c1769de2cbb9cf65d","status":0,"value":null}
15:34:00.212 INFO - Found handler: org.openqa.selenium.remote.server.ServicedSession@787c0b
15:34:00.212 INFO - Handler thread for session ec38488a0ddef28c1769de2cbb9cf65d (chrome): Executing POST on /session/ec38488a0ddef28c1769de2cbb9cf65d/element (handler: ServicedSession)
15:34:00.213 INFO - To upstream: {"using":"css selector","value":"button[type=\"submit\"]"}
15:34:00.234 INFO - To downstream: {"sessionId":"ec38488a0ddef28c1769de2cbb9cf65d","status":0,"value":{"ELEMENT":"0.39817048593001125-4"}}
15:34:00.237 INFO - Found handler: org.openqa.selenium.remote.server.ServicedSession@787c0b
15:34:00.237 INFO - Handler thread for session ec38488a0ddef28c1769de2cbb9cf65d (chrome): Executing POST on /session/ec38488a0ddef28c1769de2cbb9cf65d/element/0.39817048593001125-4/click (handler: ServicedSession)
15:34:00.238 INFO - To upstream: 
15:34:02.484 INFO - To downstream: {"sessionId":"ec38488a0ddef28c1769de2cbb9cf65d","status":0,"value":null}
15:34:02.493 INFO - Found handler: org.openqa.selenium.remote.server.ServicedSession@787c0b
15:34:02.493 INFO - Handler thread for session ec38488a0ddef28c1769de2cbb9cf65d (chrome): Executing POST on /session/ec38488a0ddef28c1769de2cbb9cf65d/elements (handler: ServicedSession)
15:34:02.495 INFO - To upstream: {"using":"css selector","value":"span[app-label-key=\"opp.menu\"]"}
15:34:02.515 INFO - To downstream: {"sessionId":"ec38488a0ddef28c1769de2cbb9cf65d","status":0,"value":[]}
15:34:03.018 INFO - Found handler: org.openqa.selenium.remote.server.ServicedSession@787c0b
15:34:03.019 INFO - Handler thread for session ec38488a0ddef28c1769de2cbb9cf65d (chrome): Executing POST on /session/ec38488a0ddef28c1769de2cbb9cf65d/elements (handler: ServicedSession)
15:34:03.020 INFO - To upstream: {"using":"css selector","value":"span[app-label-key=\"opp.menu\"]"}
15:34:03.027 INFO - To downstream: {"sessionId":"ec38488a0ddef28c1769de2cbb9cf65d","status":0,"value":[]}
15:34:03.530 INFO - Found handler: org.openqa.selenium.remote.server.ServicedSession@787c0b
15:34:03.531 INFO - Handler thread for session ec38488a0ddef28c1769de2cbb9cf65d (chrome): Executing POST on /session/ec38488a0ddef28c1769de2cbb9cf65d/elements (handler: ServicedSession)
15:34:03.532 INFO - To upstream: {"using":"css selector","value":"span[app-label-key=\"opp.menu\"]"}
15:34:03.540 INFO - To downstream: {"sessionId":"ec38488a0ddef28c1769de2cbb9cf65d","status":0,"value":[]}
15:34:04.045 INFO - Found handler: org.openqa.selenium.remote.server.ServicedSession@787c0b
15:34:04.045 INFO - Handler thread for session ec38488a0ddef28c1769de2cbb9cf65d (chrome): Executing POST on /session/ec38488a0ddef28c1769de2cbb9cf65d/elements (handler: ServicedSession)
15:34:04.047 INFO - To upstream: {"using":"css selector","value":"span[app-label-key=\"opp.menu\"]"}
15:34:04.055 INFO - To downstream: {"sessionId":"ec38488a0ddef28c1769de2cbb9cf65d","status":0,"value":[]}
15:34:04.558 INFO - Found handler: org.openqa.selenium.remote.server.ServicedSession@787c0b
15:34:04.558 INFO - Handler thread for session ec38488a0ddef28c1769de2cbb9cf65d (chrome): Executing POST on /session/ec38488a0ddef28c1769de2cbb9cf65d/elements (handler: ServicedSession)
15:34:04.559 INFO - To upstream: {"using":"css selector","value":"span[app-label-key=\"opp.menu\"]"}
15:34:04.566 INFO - To downstream: {"sessionId":"ec38488a0ddef28c1769de2cbb9cf65d","status":0,"value":[]}
15:34:05.069 INFO - Found handler: org.openqa.selenium.remote.server.ServicedSession@787c0b
15:34:05.070 INFO - Handler thread for session ec38488a0ddef28c1769de2cbb9cf65d (chrome): Executing POST on /session/ec38488a0ddef28c1769de2cbb9cf65d/elements (handler: ServicedSession)
15:34:05.071 INFO - To upstream: {"using":"css selector","value":"span[app-label-key=\"opp.menu\"]"}
15:34:05.080 INFO - To downstream: {"sessionId":"ec38488a0ddef28c1769de2cbb9cf65d","status":0,"value":[]}
15:34:05.583 INFO - Found handler: org.openqa.selenium.remote.server.ServicedSession@787c0b
15:34:05.583 INFO - Handler thread for session ec38488a0ddef28c1769de2cbb9cf65d (chrome): Executing POST on /session/ec38488a0ddef28c1769de2cbb9cf65d/elements (handler: ServicedSession)
15:34:05.584 INFO - To upstream: {"using":"css selector","value":"span[app-label-key=\"opp.menu\"]"}
15:34:05.592 INFO - To downstream: {"sessionId":"ec38488a0ddef28c1769de2cbb9cf65d","status":0,"value":[]}
15:34:06.095 INFO - Found handler: org.openqa.selenium.remote.server.ServicedSession@787c0b
15:34:06.096 INFO - Handler thread for session ec38488a0ddef28c1769de2cbb9cf65d (chrome): Executing POST on /session/ec38488a0ddef28c1769de2cbb9cf65d/elements (handler: ServicedSession)
15:34:06.097 INFO - To upstream: {"using":"css selector","value":"span[app-label-key=\"opp.menu\"]"}
15:34:06.106 INFO - To downstream: {"sessionId":"ec38488a0ddef28c1769de2cbb9cf65d","status":0,"value":[]}
15:34:06.608 INFO - Found handler: org.openqa.selenium.remote.server.ServicedSession@787c0b
15:34:06.609 INFO - Handler thread for session ec38488a0ddef28c1769de2cbb9cf65d (chrome): Executing POST on /session/ec38488a0ddef28c1769de2cbb9cf65d/elements (handler: ServicedSession)
15:34:06.610 INFO - To upstream: {"using":"css selector","value":"span[app-label-key=\"opp.menu\"]"}
15:34:06.618 INFO - To downstream: {"sessionId":"ec38488a0ddef28c1769de2cbb9cf65d","status":0,"value":[]}
15:34:07.121 INFO - Found handler: org.openqa.selenium.remote.server.ServicedSession@787c0b
15:34:07.122 INFO - Handler thread for session ec38488a0ddef28c1769de2cbb9cf65d (chrome): Executing POST on /session/ec38488a0ddef28c1769de2cbb9cf65d/elements (handler: ServicedSession)
15:34:07.123 INFO - To upstream: {"using":"css selector","value":"span[app-label-key=\"opp.menu\"]"}
15:34:07.131 INFO - To downstream: {"sessionId":"ec38488a0ddef28c1769de2cbb9cf65d","status":0,"value":[]}
15:34:07.634 INFO - Found handler: org.openqa.selenium.remote.server.ServicedSession@787c0b
15:34:07.634 INFO - Handler thread for session ec38488a0ddef28c1769de2cbb9cf65d (chrome): Executing POST on /session/ec38488a0ddef28c1769de2cbb9cf65d/elements (handler: ServicedSession)
15:34:07.636 INFO - To upstream: {"using":"css selector","value":"span[app-label-key=\"opp.menu\"]"}
15:34:07.643 INFO - To downstream: {"sessionId":"ec38488a0ddef28c1769de2cbb9cf65d","status":0,"value":[]}
15:34:08.149 INFO - Found handler: org.openqa.selenium.remote.server.ServicedSession@787c0b
15:34:08.149 INFO - Handler thread for session ec38488a0ddef28c1769de2cbb9cf65d (chrome): Executing POST on /session/ec38488a0ddef28c1769de2cbb9cf65d/elements (handler: ServicedSession)
15:34:08.151 INFO - To upstream: {"using":"css selector","value":"span[app-label-key=\"opp.menu\"]"}
15:34:08.158 INFO - To downstream: {"sessionId":"ec38488a0ddef28c1769de2cbb9cf65d","status":0,"value":[]}
15:34:08.661 INFO - Found handler: org.openqa.selenium.remote.server.ServicedSession@787c0b
15:34:08.662 INFO - Handler thread for session ec38488a0ddef28c1769de2cbb9cf65d (chrome): Executing POST on /session/ec38488a0ddef28c1769de2cbb9cf65d/elements (handler: ServicedSession)
15:34:08.663 INFO - To upstream: {"using":"css selector","value":"span[app-label-key=\"opp.menu\"]"}
15:34:08.670 INFO - To downstream: {"sessionId":"ec38488a0ddef28c1769de2cbb9cf65d","status":0,"value":[]}
15:34:09.174 INFO - Found handler: org.openqa.selenium.remote.server.ServicedSession@787c0b
15:34:09.174 INFO - Handler thread for session ec38488a0ddef28c1769de2cbb9cf65d (chrome): Executing POST on /session/ec38488a0ddef28c1769de2cbb9cf65d/elements (handler: ServicedSession)
15:34:09.175 INFO - To upstream: {"using":"css selector","value":"span[app-label-key=\"opp.menu\"]"}
15:34:09.182 INFO - To downstream: {"sessionId":"ec38488a0ddef28c1769de2cbb9cf65d","status":0,"value":[]}
15:34:09.685 INFO - Found handler: org.openqa.selenium.remote.server.ServicedSession@787c0b
15:34:09.686 INFO - Handler thread for session ec38488a0ddef28c1769de2cbb9cf65d (chrome): Executing POST on /session/ec38488a0ddef28c1769de2cbb9cf65d/elements (handler: ServicedSession)
15:34:09.687 INFO - To upstream: {"using":"css selector","value":"span[app-label-key=\"opp.menu\"]"}
15:34:09.694 INFO - To downstream: {"sessionId":"ec38488a0ddef28c1769de2cbb9cf65d","status":0,"value":[]}
15:34:10.198 INFO - Found handler: org.openqa.selenium.remote.server.ServicedSession@787c0b
15:34:10.198 INFO - Handler thread for session ec38488a0ddef28c1769de2cbb9cf65d (chrome): Executing POST on /session/ec38488a0ddef28c1769de2cbb9cf65d/elements (handler: ServicedSession)
15:34:10.199 INFO - To upstream: {"using":"css selector","value":"span[app-label-key=\"opp.menu\"]"}
15:34:10.207 INFO - To downstream: {"sessionId":"ec38488a0ddef28c1769de2cbb9cf65d","status":0,"value":[]}
15:34:10.709 INFO - Found handler: org.openqa.selenium.remote.server.ServicedSession@787c0b
15:34:10.710 INFO - Handler thread for session ec38488a0ddef28c1769de2cbb9cf65d (chrome): Executing POST on /session/ec38488a0ddef28c1769de2cbb9cf65d/elements (handler: ServicedSession)
15:34:10.711 INFO - To upstream: {"using":"css selector","value":"span[app-label-key=\"opp.menu\"]"}
15:34:10.719 INFO - To downstream: {"sessionId":"ec38488a0ddef28c1769de2cbb9cf65d","status":0,"value":[]}
15:34:11.221 INFO - Found handler: org.openqa.selenium.remote.server.ServicedSession@787c0b
15:34:11.222 INFO - Handler thread for session ec38488a0ddef28c1769de2cbb9cf65d (chrome): Executing POST on /session/ec38488a0ddef28c1769de2cbb9cf65d/elements (handler: ServicedSession)
15:34:11.223 INFO - To upstream: {"using":"css selector","value":"span[app-label-key=\"opp.menu\"]"}
15:34:11.231 INFO - To downstream: {"sessionId":"ec38488a0ddef28c1769de2cbb9cf65d","status":0,"value":[]}
15:34:11.734 INFO - Found handler: org.openqa.selenium.remote.server.ServicedSession@787c0b
15:34:11.734 INFO - Handler thread for session ec38488a0ddef28c1769de2cbb9cf65d (chrome): Executing POST on /session/ec38488a0ddef28c1769de2cbb9cf65d/elements (handler: ServicedSession)
15:34:11.735 INFO - To upstream: {"using":"css selector","value":"span[app-label-key=\"opp.menu\"]"}
15:34:11.742 INFO - To downstream: {"sessionId":"ec38488a0ddef28c1769de2cbb9cf65d","status":0,"value":[]}
15:34:12.246 INFO - Found handler: org.openqa.selenium.remote.server.ServicedSession@787c0b
15:34:12.247 INFO - Handler thread for session ec38488a0ddef28c1769de2cbb9cf65d (chrome): Executing POST on /session/ec38488a0ddef28c1769de2cbb9cf65d/elements (handler: ServicedSession)
15:34:12.248 INFO - To upstream: {"using":"css selector","value":"span[app-label-key=\"opp.menu\"]"}
15:34:12.255 INFO - To downstream: {"sessionId":"ec38488a0ddef28c1769de2cbb9cf65d","status":0,"value":[]}
15:34:12.758 INFO - Found handler: org.openqa.selenium.remote.server.ServicedSession@787c0b
15:34:12.759 INFO - Handler thread for session ec38488a0ddef28c1769de2cbb9cf65d (chrome): Executing POST on /session/ec38488a0ddef28c1769de2cbb9cf65d/elements (handler: ServicedSession)
15:34:12.760 INFO - To upstream: {"using":"css selector","value":"span[app-label-key=\"opp.menu\"]"}
15:34:13.158 INFO - To downstream: {"sessionId":"ec38488a0ddef28c1769de2cbb9cf65d","status":0,"value":[]}
15:34:13.662 INFO - Found handler: org.openqa.selenium.remote.server.ServicedSession@787c0b
15:34:13.663 INFO - Handler thread for session ec38488a0ddef28c1769de2cbb9cf65d (chrome): Executing POST on /session/ec38488a0ddef28c1769de2cbb9cf65d/elements (handler: ServicedSession)
15:34:13.665 INFO - To upstream: {"using":"css selector","value":"span[app-label-key=\"opp.menu\"]"}
15:34:13.672 INFO - To downstream: {"sessionId":"ec38488a0ddef28c1769de2cbb9cf65d","status":0,"value":[]}
15:34:14.179 INFO - Found handler: org.openqa.selenium.remote.server.ServicedSession@787c0b
15:34:14.179 INFO - Handler thread for session ec38488a0ddef28c1769de2cbb9cf65d (chrome): Executing POST on /session/ec38488a0ddef28c1769de2cbb9cf65d/elements (handler: ServicedSession)
15:34:14.181 INFO - To upstream: {"using":"css selector","value":"span[app-label-key=\"opp.menu\"]"}
15:34:14.194 INFO - To downstream: {"sessionId":"ec38488a0ddef28c1769de2cbb9cf65d","status":0,"value":[]}
15:34:14.698 INFO - Found handler: org.openqa.selenium.remote.server.ServicedSession@787c0b
15:34:14.698 INFO - Handler thread for session ec38488a0ddef28c1769de2cbb9cf65d (chrome): Executing POST on /session/ec38488a0ddef28c1769de2cbb9cf65d/elements (handler: ServicedSession)
15:34:14.699 INFO - To upstream: {"using":"css selector","value":"span[app-label-key=\"opp.menu\"]"}
15:34:14.707 INFO - To downstream: {"sessionId":"ec38488a0ddef28c1769de2cbb9cf65d","status":0,"value":[]}
15:34:15.213 INFO - Found handler: org.openqa.selenium.remote.server.ServicedSession@787c0b
15:34:15.213 INFO - Handler thread for session ec38488a0ddef28c1769de2cbb9cf65d (chrome): Executing POST on /session/ec38488a0ddef28c1769de2cbb9cf65d/elements (handler: ServicedSession)
15:34:15.214 INFO - To upstream: {"using":"css selector","value":"span[app-label-key=\"opp.menu\"]"}
15:34:15.223 INFO - To downstream: {"sessionId":"ec38488a0ddef28c1769de2cbb9cf65d","status":0,"value":[]}
15:34:15.726 INFO - Found handler: org.openqa.selenium.remote.server.ServicedSession@787c0b
15:34:15.727 INFO - Handler thread for session ec38488a0ddef28c1769de2cbb9cf65d (chrome): Executing POST on /session/ec38488a0ddef28c1769de2cbb9cf65d/elements (handler: ServicedSession)
15:34:15.728 INFO - To upstream: {"using":"css selector","value":"span[app-label-key=\"opp.menu\"]"}
15:34:15.736 INFO - To downstream: {"sessionId":"ec38488a0ddef28c1769de2cbb9cf65d","status":0,"value":[]}
15:34:16.238 INFO - Found handler: org.openqa.selenium.remote.server.ServicedSession@787c0b
15:34:16.239 INFO - Handler thread for session ec38488a0ddef28c1769de2cbb9cf65d (chrome): Executing POST on /session/ec38488a0ddef28c1769de2cbb9cf65d/elements (handler: ServicedSession)
15:34:16.240 INFO - To upstream: {"using":"css selector","value":"span[app-label-key=\"opp.menu\"]"}
15:34:16.250 INFO - To downstream: {"sessionId":"ec38488a0ddef28c1769de2cbb9cf65d","status":0,"value":[]}
15:34:16.753 INFO - Found handler: org.openqa.selenium.remote.server.ServicedSession@787c0b
15:34:16.753 INFO - Handler thread for session ec38488a0ddef28c1769de2cbb9cf65d (chrome): Executing POST on /session/ec38488a0ddef28c1769de2cbb9cf65d/elements (handler: ServicedSession)
15:34:16.755 INFO - To upstream: {"using":"css selector","value":"span[app-label-key=\"opp.menu\"]"}
15:34:16.767 INFO - To downstream: {"sessionId":"ec38488a0ddef28c1769de2cbb9cf65d","status":0,"value":[]}
15:34:17.272 INFO - Found handler: org.openqa.selenium.remote.server.ServicedSession@787c0b
15:34:17.272 INFO - Handler thread for session ec38488a0ddef28c1769de2cbb9cf65d (chrome): Executing POST on /session/ec38488a0ddef28c1769de2cbb9cf65d/elements (handler: ServicedSession)
15:34:17.275 INFO - To upstream: {"using":"css selector","value":"span[app-label-key=\"opp.menu\"]"}
15:34:17.287 INFO - To downstream: {"sessionId":"ec38488a0ddef28c1769de2cbb9cf65d","status":0,"value":[]}
15:34:17.789 INFO - Found handler: org.openqa.selenium.remote.server.ServicedSession@787c0b
15:34:17.790 INFO - Handler thread for session ec38488a0ddef28c1769de2cbb9cf65d (chrome): Executing POST on /session/ec38488a0ddef28c1769de2cbb9cf65d/elements (handler: ServicedSession)
15:34:17.791 INFO - To upstream: {"using":"css selector","value":"span[app-label-key=\"opp.menu\"]"}
15:34:19.288 INFO - To downstream: {"sessionId":"ec38488a0ddef28c1769de2cbb9cf65d","status":0,"value":[{"ELEMENT":"0.5187033577014006-1"}]}
15:34:19.291 INFO - Found handler: org.openqa.selenium.remote.server.ServicedSession@787c0b
15:34:19.292 INFO - Handler thread for session ec38488a0ddef28c1769de2cbb9cf65d (chrome): Executing GET on /session/ec38488a0ddef28c1769de2cbb9cf65d/element/0.5187033577014006-1/displayed (handler: ServicedSession)
15:34:19.319 INFO - To downstream: {"sessionId":"ec38488a0ddef28c1769de2cbb9cf65d","status":0,"value":false}
15:34:19.840 INFO - Found handler: org.openqa.selenium.remote.server.ServicedSession@787c0b
15:34:19.840 INFO - Handler thread for session ec38488a0ddef28c1769de2cbb9cf65d (chrome): Executing GET on /session/ec38488a0ddef28c1769de2cbb9cf65d/element/0.5187033577014006-1/displayed (handler: ServicedSession)
15:34:19.850 INFO - To downstream: {"sessionId":"ec38488a0ddef28c1769de2cbb9cf65d","status":0,"value":false}
15:34:20.355 INFO - Found handler: org.openqa.selenium.remote.server.ServicedSession@787c0b
15:34:20.355 INFO - Handler thread for session ec38488a0ddef28c1769de2cbb9cf65d (chrome): Executing GET on /session/ec38488a0ddef28c1769de2cbb9cf65d/element/0.5187033577014006-1/displayed (handler: ServicedSession)
15:34:20.363 INFO - To downstream: {"sessionId":"ec38488a0ddef28c1769de2cbb9cf65d","status":0,"value":false}
15:34:20.868 INFO - Found handler: org.openqa.selenium.remote.server.ServicedSession@787c0b
15:34:20.869 INFO - Handler thread for session ec38488a0ddef28c1769de2cbb9cf65d (chrome): Executing GET on /session/ec38488a0ddef28c1769de2cbb9cf65d/element/0.5187033577014006-1/displayed (handler: ServicedSession)
15:34:20.883 INFO - To downstream: {"sessionId":"ec38488a0ddef28c1769de2cbb9cf65d","status":0,"value":false}
15:34:21.388 INFO - Found handler: org.openqa.selenium.remote.server.ServicedSession@787c0b
15:34:21.389 INFO - Handler thread for session ec38488a0ddef28c1769de2cbb9cf65d (chrome): Executing GET on /session/ec38488a0ddef28c1769de2cbb9cf65d/element/0.5187033577014006-1/displayed (handler: ServicedSession)
15:34:21.403 INFO - To downstream: {"sessionId":"ec38488a0ddef28c1769de2cbb9cf65d","status":0,"value":false}
15:34:21.904 INFO - Found handler: org.openqa.selenium.remote.server.ServicedSession@787c0b
15:34:21.905 INFO - Handler thread for session ec38488a0ddef28c1769de2cbb9cf65d (chrome): Executing GET on /session/ec38488a0ddef28c1769de2cbb9cf65d/element/0.5187033577014006-1/displayed (handler: ServicedSession)
15:34:23.771 INFO - To downstream: {"sessionId":"ec38488a0ddef28c1769de2cbb9cf65d","status":0,"value":true}
15:34:23.776 INFO - Found handler: org.openqa.selenium.remote.server.ServicedSession@787c0b
15:34:23.776 INFO - Handler thread for session ec38488a0ddef28c1769de2cbb9cf65d (chrome): Executing POST on /session/ec38488a0ddef28c1769de2cbb9cf65d/element (handler: ServicedSession)
15:34:23.777 INFO - To upstream: {"using":"css selector","value":"span[app-label-key=\"opp.menu\"]"}
15:34:23.810 INFO - To downstream: {"sessionId":"ec38488a0ddef28c1769de2cbb9cf65d","status":0,"value":{"ELEMENT":"0.5187033577014006-1"}}
15:34:23.813 INFO - Found handler: org.openqa.selenium.remote.server.ServicedSession@787c0b
15:34:23.813 INFO - Handler thread for session ec38488a0ddef28c1769de2cbb9cf65d (chrome): Executing POST on /session/ec38488a0ddef28c1769de2cbb9cf65d/element/0.5187033577014006-1/click (handler: ServicedSession)
15:34:23.814 INFO - To upstream: 
15:34:23.895 INFO - To downstream: {"sessionId":"ec38488a0ddef28c1769de2cbb9cf65d","status":0,"value":null}
15:34:23.902 INFO - Found handler: org.openqa.selenium.remote.server.ServicedSession@787c0b
15:34:23.902 INFO - Handler thread for session ec38488a0ddef28c1769de2cbb9cf65d (chrome): Executing POST on /session/ec38488a0ddef28c1769de2cbb9cf65d/elements (handler: ServicedSession)
15:34:23.905 INFO - To upstream: {"using":"css selector","value":"li[area=\"app-builder\"]"}
15:34:23.943 INFO - To downstream: {"sessionId":"ec38488a0ddef28c1769de2cbb9cf65d","status":0,"value":[{"ELEMENT":"0.5187033577014006-2"}]}
15:34:23.946 INFO - Found handler: org.openqa.selenium.remote.server.ServicedSession@787c0b
15:34:23.946 INFO - Handler thread for session ec38488a0ddef28c1769de2cbb9cf65d (chrome): Executing GET on /session/ec38488a0ddef28c1769de2cbb9cf65d/element/0.5187033577014006-2/displayed (handler: ServicedSession)
15:34:23.985 INFO - To downstream: {"sessionId":"ec38488a0ddef28c1769de2cbb9cf65d","status":0,"value":true}
15:34:23.990 INFO - Found handler: org.openqa.selenium.remote.server.ServicedSession@787c0b
15:34:23.990 INFO - Handler thread for session ec38488a0ddef28c1769de2cbb9cf65d (chrome): Executing POST on /session/ec38488a0ddef28c1769de2cbb9cf65d/element (handler: ServicedSession)
15:34:23.991 INFO - To upstream: {"using":"css selector","value":"li[area=\"app-builder\"]"}
15:34:24.037 INFO - To downstream: {"sessionId":"ec38488a0ddef28c1769de2cbb9cf65d","status":0,"value":{"ELEMENT":"0.5187033577014006-2"}}
15:34:24.040 INFO - Found handler: org.openqa.selenium.remote.server.ServicedSession@787c0b
15:34:24.041 INFO - Handler thread for session ec38488a0ddef28c1769de2cbb9cf65d (chrome): Executing POST on /session/ec38488a0ddef28c1769de2cbb9cf65d/element/0.5187033577014006-2/click (handler: ServicedSession)
15:34:24.042 INFO - To upstream: 
15:34:24.182 INFO - To downstream: {"sessionId":"ec38488a0ddef28c1769de2cbb9cf65d","status":0,"value":null}
15:34:24.190 INFO - Found handler: org.openqa.selenium.remote.server.ServicedSession@787c0b
15:34:24.191 INFO - Handler thread for session ec38488a0ddef28c1769de2cbb9cf65d (chrome): Executing POST on /session/ec38488a0ddef28c1769de2cbb9cf65d/element (handler: ServicedSession)
15:34:24.192 INFO - To upstream: {"using":"css selector","value":"span[app-label-key=\"opp.menu\"]"}
15:34:24.211 INFO - To downstream: {"sessionId":"ec38488a0ddef28c1769de2cbb9cf65d","status":0,"value":{"ELEMENT":"0.5187033577014006-1"}}
15:34:24.216 INFO - Found handler: org.openqa.selenium.remote.server.ServicedSession@787c0b
15:34:24.216 INFO - Handler thread for session ec38488a0ddef28c1769de2cbb9cf65d (chrome): Executing POST on /session/ec38488a0ddef28c1769de2cbb9cf65d/element/0.5187033577014006-1/click (handler: ServicedSession)
15:34:24.218 INFO - To upstream: 
15:34:24.317 INFO - To downstream: {"sessionId":"ec38488a0ddef28c1769de2cbb9cf65d","status":0,"value":null}
15:34:24.322 INFO - Found handler: org.openqa.selenium.remote.server.ServicedSession@787c0b
15:34:24.322 INFO - Handler thread for session ec38488a0ddef28c1769de2cbb9cf65d (chrome): Executing POST on /session/ec38488a0ddef28c1769de2cbb9cf65d/elements (handler: ServicedSession)
15:34:24.324 INFO - To upstream: {"using":"css selector","value":"div[webix_l_id=\"1\"]"}
15:34:24.358 INFO - To downstream: {"sessionId":"ec38488a0ddef28c1769de2cbb9cf65d","status":0,"value":[{"ELEMENT":"0.5187033577014006-3"},{"ELEMENT":"0.5187033577014006-4"},{"ELEMENT":"0.5187033577014006-5"},{"ELEMENT":"0.5187033577014006-6"},{"ELEMENT":"0.5187033577014006-7"}]}
15:34:24.371 INFO - Found handler: org.openqa.selenium.remote.server.ServicedSession@787c0b
15:34:24.372 INFO - Handler thread for session ec38488a0ddef28c1769de2cbb9cf65d (chrome): Executing GET on /session/ec38488a0ddef28c1769de2cbb9cf65d/element/0.5187033577014006-3/displayed (handler: ServicedSession)
15:34:24.424 INFO - To downstream: {"sessionId":"ec38488a0ddef28c1769de2cbb9cf65d","status":0,"value":true}
15:34:24.429 INFO - Found handler: org.openqa.selenium.remote.server.ServicedSession@787c0b
15:34:24.429 INFO - Handler thread for session ec38488a0ddef28c1769de2cbb9cf65d (chrome): Executing POST on /session/ec38488a0ddef28c1769de2cbb9cf65d/element (handler: ServicedSession)
15:34:24.431 INFO - To upstream: {"using":"css selector","value":"div[webix_l_id=\"1\"]"}
15:34:24.457 INFO - To downstream: {"sessionId":"ec38488a0ddef28c1769de2cbb9cf65d","status":0,"value":{"ELEMENT":"0.5187033577014006-3"}}
15:34:24.460 INFO - Found handler: org.openqa.selenium.remote.server.ServicedSession@787c0b
15:34:24.460 INFO - Handler thread for session ec38488a0ddef28c1769de2cbb9cf65d (chrome): Executing POST on /session/ec38488a0ddef28c1769de2cbb9cf65d/element/0.5187033577014006-3/click (handler: ServicedSession)
15:34:24.461 INFO - To upstream: 
15:34:24.582 INFO - To downstream: {"sessionId":"ec38488a0ddef28c1769de2cbb9cf65d","status":0,"value":null}
15:34:24.586 INFO - Found handler: org.openqa.selenium.remote.server.ServicedSession@787c0b
15:34:24.587 INFO - Handler thread for session ec38488a0ddef28c1769de2cbb9cf65d (chrome): Executing POST on /session/ec38488a0ddef28c1769de2cbb9cf65d/elements (handler: ServicedSession)
15:34:24.590 INFO - To upstream: {"using":"css selector","value":"div[view_id^=\"ab_work_object_list_editlist\"] .webix_scroll_cont .webix_list_item"}
15:34:24.616 INFO - To downstream: {"sessionId":"ec38488a0ddef28c1769de2cbb9cf65d","status":0,"value":[{"ELEMENT":"0.5187033577014006-8"}]}
15:34:24.625 INFO - Found handler: org.openqa.selenium.remote.server.ServicedSession@787c0b
15:34:24.625 INFO - Handler thread for session ec38488a0ddef28c1769de2cbb9cf65d (chrome): Executing POST on /session/ec38488a0ddef28c1769de2cbb9cf65d/elements (handler: ServicedSession)
15:34:24.627 INFO - To upstream: {"using":"css selector","value":"div[view_id^=\"ab_work_object_list_buttonNew\"] button"}
15:34:24.647 INFO - To downstream: {"sessionId":"ec38488a0ddef28c1769de2cbb9cf65d","status":0,"value":[{"ELEMENT":"0.5187033577014006-9"}]}
15:34:24.650 INFO - Found handler: org.openqa.selenium.remote.server.ServicedSession@787c0b
15:34:24.650 INFO - Handler thread for session ec38488a0ddef28c1769de2cbb9cf65d (chrome): Executing GET on /session/ec38488a0ddef28c1769de2cbb9cf65d/element/0.5187033577014006-9/displayed (handler: ServicedSession)
15:34:24.670 INFO - To downstream: {"sessionId":"ec38488a0ddef28c1769de2cbb9cf65d","status":0,"value":true}
15:34:24.674 INFO - Found handler: org.openqa.selenium.remote.server.ServicedSession@787c0b
15:34:24.674 INFO - Handler thread for session ec38488a0ddef28c1769de2cbb9cf65d (chrome): Executing POST on /session/ec38488a0ddef28c1769de2cbb9cf65d/element (handler: ServicedSession)
15:34:24.675 INFO - To upstream: {"using":"css selector","value":"div[view_id^=\"ab_work_object_list_buttonNew\"] button"}
15:34:24.696 INFO - To downstream: {"sessionId":"ec38488a0ddef28c1769de2cbb9cf65d","status":0,"value":{"ELEMENT":"0.5187033577014006-9"}}
15:34:24.698 INFO - Found handler: org.openqa.selenium.remote.server.ServicedSession@787c0b
15:34:24.698 INFO - Handler thread for session ec38488a0ddef28c1769de2cbb9cf65d (chrome): Executing POST on /session/ec38488a0ddef28c1769de2cbb9cf65d/element/0.5187033577014006-9/click (handler: ServicedSession)
15:34:24.700 INFO - To upstream: 
15:34:24.767 INFO - To downstream: {"sessionId":"ec38488a0ddef28c1769de2cbb9cf65d","status":0,"value":null}
15:34:24.772 INFO - Found handler: org.openqa.selenium.remote.server.ServicedSession@787c0b
15:34:24.772 INFO - Handler thread for session ec38488a0ddef28c1769de2cbb9cf65d (chrome): Executing POST on /session/ec38488a0ddef28c1769de2cbb9cf65d/elements (handler: ServicedSession)
15:34:24.773 INFO - To upstream: {"using":"css selector","value":"div[view_id^=\"ab_work_object_list_newObject_blank_blank\"] input[type=\"text\"]"}
15:34:24.796 INFO - To downstream: {"sessionId":"ec38488a0ddef28c1769de2cbb9cf65d","status":0,"value":[{"ELEMENT":"0.5187033577014006-10"}]}
15:34:24.799 INFO - Found handler: org.openqa.selenium.remote.server.ServicedSession@787c0b
15:34:24.799 INFO - Handler thread for session ec38488a0ddef28c1769de2cbb9cf65d (chrome): Executing GET on /session/ec38488a0ddef28c1769de2cbb9cf65d/element/0.5187033577014006-10/displayed (handler: ServicedSession)
15:34:24.821 INFO - To downstream: {"sessionId":"ec38488a0ddef28c1769de2cbb9cf65d","status":0,"value":true}
15:34:24.825 INFO - Found handler: org.openqa.selenium.remote.server.ServicedSession@787c0b
15:34:24.826 INFO - Handler thread for session ec38488a0ddef28c1769de2cbb9cf65d (chrome): Executing POST on /session/ec38488a0ddef28c1769de2cbb9cf65d/element (handler: ServicedSession)
15:34:24.827 INFO - To upstream: {"using":"css selector","value":"div[view_id^=\"ab_work_object_list_newObject_blank_blank\"] input[type=\"text\"]"}
15:34:24.847 INFO - To downstream: {"sessionId":"ec38488a0ddef28c1769de2cbb9cf65d","status":0,"value":{"ELEMENT":"0.5187033577014006-10"}}
15:34:24.851 INFO - Found handler: org.openqa.selenium.remote.server.ServicedSession@787c0b
15:34:24.851 INFO - Handler thread for session ec38488a0ddef28c1769de2cbb9cf65d (chrome): Executing POST on /session/ec38488a0ddef28c1769de2cbb9cf65d/element/0.5187033577014006-10/value (handler: ServicedSession)
15:34:24.853 INFO - To upstream: {"value":["2"]}
15:34:24.904 INFO - To downstream: {"sessionId":"ec38488a0ddef28c1769de2cbb9cf65d","status":0,"value":null}
15:34:24.909 INFO - Found handler: org.openqa.selenium.remote.server.ServicedSession@787c0b
15:34:24.909 INFO - Handler thread for session ec38488a0ddef28c1769de2cbb9cf65d (chrome): Executing POST on /session/ec38488a0ddef28c1769de2cbb9cf65d/elements (handler: ServicedSession)
15:34:24.910 INFO - To upstream: {"using":"css selector","value":"div[view_id^=\"ab_work_object_list_newObject_blank_save\"] button"}
15:34:24.933 INFO - To downstream: {"sessionId":"ec38488a0ddef28c1769de2cbb9cf65d","status":0,"value":[{"ELEMENT":"0.5187033577014006-11"}]}
15:34:24.936 INFO - Found handler: org.openqa.selenium.remote.server.ServicedSession@787c0b
15:34:24.936 INFO - Handler thread for session ec38488a0ddef28c1769de2cbb9cf65d (chrome): Executing GET on /session/ec38488a0ddef28c1769de2cbb9cf65d/element/0.5187033577014006-11/displayed (handler: ServicedSession)
15:34:24.960 INFO - To downstream: {"sessionId":"ec38488a0ddef28c1769de2cbb9cf65d","status":0,"value":true}
15:34:24.964 INFO - Found handler: org.openqa.selenium.remote.server.ServicedSession@787c0b
15:34:24.964 INFO - Handler thread for session ec38488a0ddef28c1769de2cbb9cf65d (chrome): Executing POST on /session/ec38488a0ddef28c1769de2cbb9cf65d/element (handler: ServicedSession)
15:34:24.965 INFO - To upstream: {"using":"css selector","value":"div[view_id^=\"ab_work_object_list_newObject_blank_save\"] button"}
15:34:24.987 INFO - To downstream: {"sessionId":"ec38488a0ddef28c1769de2cbb9cf65d","status":0,"value":{"ELEMENT":"0.5187033577014006-11"}}
15:34:24.989 INFO - Found handler: org.openqa.selenium.remote.server.ServicedSession@787c0b
15:34:24.989 INFO - Handler thread for session ec38488a0ddef28c1769de2cbb9cf65d (chrome): Executing POST on /session/ec38488a0ddef28c1769de2cbb9cf65d/element/0.5187033577014006-11/click (handler: ServicedSession)
15:34:24.990 INFO - To upstream: 
15:34:25.055 INFO - To downstream: {"sessionId":"ec38488a0ddef28c1769de2cbb9cf65d","status":0,"value":null}
15:34:27.060 INFO - Found handler: org.openqa.selenium.remote.server.ServicedSession@787c0b
15:34:27.060 INFO - Handler thread for session ec38488a0ddef28c1769de2cbb9cf65d (chrome): Executing DELETE on /session/ec38488a0ddef28c1769de2cbb9cf65d (handler: ServicedSession)
15:34:27.083 INFO - To downstream: {"sessionId":"ec38488a0ddef28c1769de2cbb9cf65d","status":0,"value":null}
15:34:27.087 INFO - Removing session org.openqa.selenium.remote.server.ServicedSession@787c0b
15:34:27.115 INFO - Binding default provider to: org.openqa.selenium.chrome.ChromeDriverService
15:34:27.115 INFO - Found handler: org.openqa.selenium.remote.server.commandhandler.BeginSession@10fd64e5
15:34:27.115 INFO - /session: Executing POST on /session (handler: BeginSession)
15:34:27.115 INFO - Capabilities are: Capabilities {acceptSslCerts=true, marionette=true, name=Test Object 10 File Attachment, browserName=chrome, javascriptEnabled=true, platformName=ANY, platform=ANY, }
15:34:27.115 INFO - Capabilities {acceptSslCerts=true, marionette=true, name=Test Object 10 File Attachment, browserName=chrome, javascriptEnabled=true, platformName=ANY, platform=ANY, } matched class org.openqa.selenium.remote.server.ServicedSession$Factory (provider: org.openqa.selenium.chrome.ChromeDriverService)
15:34:27.115 INFO - Capabilities {acceptSslCerts=true, marionette=true, name=Test Object 10 File Attachment, browserName=chrome, javascriptEnabled=true, platformName=ANY, platform=ANY, } matched class org.openqa.selenium.remote.server.ServicedSession$Factory (provider: org.openqa.selenium.chrome.ChromeDriverService)
Starting ChromeDriver 2.33.506120 (e3e53437346286c0bc2d2dc9aa4915ba81d9023f) on port 48189
Only local connections are allowed.
15:34:27.177 INFO - To downstream: {"sessionId":"","status":0,"value":null}
15:34:29.046 INFO - Found handler: org.openqa.selenium.remote.server.ServicedSession@2cff1f29
15:34:29.046 INFO - Handler thread for session 8a75ca9c92a72978080adf30133f234a (chrome): Executing POST on /session/8a75ca9c92a72978080adf30133f234a/url (handler: ServicedSession)
15:34:29.062 INFO - To upstream: {"url":"http://localhost:1337/page/opsportal"}
15:34:31.717 INFO - To downstream: {"sessionId":"8a75ca9c92a72978080adf30133f234a","status":0,"value":null}
15:34:31.721 INFO - Found handler: org.openqa.selenium.remote.server.ServicedSession@2cff1f29
15:34:31.722 INFO - Handler thread for session 8a75ca9c92a72978080adf30133f234a (chrome): Executing POST on /session/8a75ca9c92a72978080adf30133f234a/elements (handler: ServicedSession)
15:34:31.723 INFO - To upstream: {"using":"css selector","value":"body"}
15:34:31.748 INFO - To downstream: {"sessionId":"8a75ca9c92a72978080adf30133f234a","status":0,"value":[{"ELEMENT":"0.8614006946102768-1"}]}
15:34:31.751 INFO - Found handler: org.openqa.selenium.remote.server.ServicedSession@2cff1f29
15:34:31.751 INFO - Handler thread for session 8a75ca9c92a72978080adf30133f234a (chrome): Executing GET on /session/8a75ca9c92a72978080adf30133f234a/element/0.8614006946102768-1/displayed (handler: ServicedSession)
15:34:31.768 INFO - To downstream: {"sessionId":"8a75ca9c92a72978080adf30133f234a","status":0,"value":true}
15:34:31.771 INFO - Found handler: org.openqa.selenium.remote.server.ServicedSession@2cff1f29
15:34:31.772 INFO - Handler thread for session 8a75ca9c92a72978080adf30133f234a (chrome): Executing POST on /session/8a75ca9c92a72978080adf30133f234a/element (handler: ServicedSession)
15:34:31.772 INFO - To upstream: {"using":"css selector","value":"input[id=\"user-name\"]"}
15:34:31.792 INFO - To downstream: {"sessionId":"8a75ca9c92a72978080adf30133f234a","status":0,"value":{"ELEMENT":"0.8614006946102768-2"}}
15:34:31.794 INFO - Found handler: org.openqa.selenium.remote.server.ServicedSession@2cff1f29
15:34:31.794 INFO - Handler thread for session 8a75ca9c92a72978080adf30133f234a (chrome): Executing POST on /session/8a75ca9c92a72978080adf30133f234a/element/0.8614006946102768-2/value (handler: ServicedSession)
15:34:31.796 INFO - To upstream: {"value":["a","d","m","i","n"]}
15:34:31.857 INFO - To downstream: {"sessionId":"8a75ca9c92a72978080adf30133f234a","status":0,"value":null}
15:34:31.860 INFO - Found handler: org.openqa.selenium.remote.server.ServicedSession@2cff1f29
15:34:31.860 INFO - Handler thread for session 8a75ca9c92a72978080adf30133f234a (chrome): Executing POST on /session/8a75ca9c92a72978080adf30133f234a/element (handler: ServicedSession)
15:34:31.861 INFO - To upstream: {"using":"css selector","value":"input[id=\"user-pw\"]"}
15:34:31.883 INFO - To downstream: {"sessionId":"8a75ca9c92a72978080adf30133f234a","status":0,"value":{"ELEMENT":"0.8614006946102768-3"}}
15:34:31.886 INFO - Found handler: org.openqa.selenium.remote.server.ServicedSession@2cff1f29
15:34:31.886 INFO - Handler thread for session 8a75ca9c92a72978080adf30133f234a (chrome): Executing POST on /session/8a75ca9c92a72978080adf30133f234a/element/0.8614006946102768-3/value (handler: ServicedSession)
15:34:31.887 INFO - To upstream: {"value":["a","d","m","i","n"]}
15:34:31.945 INFO - To downstream: {"sessionId":"8a75ca9c92a72978080adf30133f234a","status":0,"value":null}
15:34:31.948 INFO - Found handler: org.openqa.selenium.remote.server.ServicedSession@2cff1f29
15:34:31.948 INFO - Handler thread for session 8a75ca9c92a72978080adf30133f234a (chrome): Executing POST on /session/8a75ca9c92a72978080adf30133f234a/element (handler: ServicedSession)
15:34:31.950 INFO - To upstream: {"using":"css selector","value":"button[type=\"submit\"]"}
15:34:31.971 INFO - To downstream: {"sessionId":"8a75ca9c92a72978080adf30133f234a","status":0,"value":{"ELEMENT":"0.8614006946102768-4"}}
15:34:31.973 INFO - Found handler: org.openqa.selenium.remote.server.ServicedSession@2cff1f29
15:34:31.974 INFO - Handler thread for session 8a75ca9c92a72978080adf30133f234a (chrome): Executing POST on /session/8a75ca9c92a72978080adf30133f234a/element/0.8614006946102768-4/click (handler: ServicedSession)
15:34:31.975 INFO - To upstream: 
15:34:34.454 INFO - To downstream: {"sessionId":"8a75ca9c92a72978080adf30133f234a","status":0,"value":null}
15:34:34.468 INFO - Found handler: org.openqa.selenium.remote.server.ServicedSession@2cff1f29
15:34:34.468 INFO - Handler thread for session 8a75ca9c92a72978080adf30133f234a (chrome): Executing POST on /session/8a75ca9c92a72978080adf30133f234a/elements (handler: ServicedSession)
15:34:34.469 INFO - To upstream: {"using":"css selector","value":"span[app-label-key=\"opp.menu\"]"}
15:34:34.490 INFO - To downstream: {"sessionId":"8a75ca9c92a72978080adf30133f234a","status":0,"value":[]}
15:34:34.994 INFO - Found handler: org.openqa.selenium.remote.server.ServicedSession@2cff1f29
15:34:34.994 INFO - Handler thread for session 8a75ca9c92a72978080adf30133f234a (chrome): Executing POST on /session/8a75ca9c92a72978080adf30133f234a/elements (handler: ServicedSession)
15:34:34.995 INFO - To upstream: {"using":"css selector","value":"span[app-label-key=\"opp.menu\"]"}
15:34:35.003 INFO - To downstream: {"sessionId":"8a75ca9c92a72978080adf30133f234a","status":0,"value":[]}
15:34:35.505 INFO - Found handler: org.openqa.selenium.remote.server.ServicedSession@2cff1f29
15:34:35.506 INFO - Handler thread for session 8a75ca9c92a72978080adf30133f234a (chrome): Executing POST on /session/8a75ca9c92a72978080adf30133f234a/elements (handler: ServicedSession)
15:34:35.507 INFO - To upstream: {"using":"css selector","value":"span[app-label-key=\"opp.menu\"]"}
15:34:35.513 INFO - To downstream: {"sessionId":"8a75ca9c92a72978080adf30133f234a","status":0,"value":[]}
15:34:36.016 INFO - Found handler: org.openqa.selenium.remote.server.ServicedSession@2cff1f29
15:34:36.016 INFO - Handler thread for session 8a75ca9c92a72978080adf30133f234a (chrome): Executing POST on /session/8a75ca9c92a72978080adf30133f234a/elements (handler: ServicedSession)
15:34:36.017 INFO - To upstream: {"using":"css selector","value":"span[app-label-key=\"opp.menu\"]"}
15:34:36.024 INFO - To downstream: {"sessionId":"8a75ca9c92a72978080adf30133f234a","status":0,"value":[]}
15:34:36.528 INFO - Found handler: org.openqa.selenium.remote.server.ServicedSession@2cff1f29
15:34:36.528 INFO - Handler thread for session 8a75ca9c92a72978080adf30133f234a (chrome): Executing POST on /session/8a75ca9c92a72978080adf30133f234a/elements (handler: ServicedSession)
15:34:36.529 INFO - To upstream: {"using":"css selector","value":"span[app-label-key=\"opp.menu\"]"}
15:34:36.536 INFO - To downstream: {"sessionId":"8a75ca9c92a72978080adf30133f234a","status":0,"value":[]}
15:34:37.040 INFO - Found handler: org.openqa.selenium.remote.server.ServicedSession@2cff1f29
15:34:37.040 INFO - Handler thread for session 8a75ca9c92a72978080adf30133f234a (chrome): Executing POST on /session/8a75ca9c92a72978080adf30133f234a/elements (handler: ServicedSession)
15:34:37.041 INFO - To upstream: {"using":"css selector","value":"span[app-label-key=\"opp.menu\"]"}
15:34:37.048 INFO - To downstream: {"sessionId":"8a75ca9c92a72978080adf30133f234a","status":0,"value":[]}
15:34:37.552 INFO - Found handler: org.openqa.selenium.remote.server.ServicedSession@2cff1f29
15:34:37.552 INFO - Handler thread for session 8a75ca9c92a72978080adf30133f234a (chrome): Executing POST on /session/8a75ca9c92a72978080adf30133f234a/elements (handler: ServicedSession)
15:34:37.553 INFO - To upstream: {"using":"css selector","value":"span[app-label-key=\"opp.menu\"]"}
15:34:37.561 INFO - To downstream: {"sessionId":"8a75ca9c92a72978080adf30133f234a","status":0,"value":[]}
15:34:38.063 INFO - Found handler: org.openqa.selenium.remote.server.ServicedSession@2cff1f29
15:34:38.063 INFO - Handler thread for session 8a75ca9c92a72978080adf30133f234a (chrome): Executing POST on /session/8a75ca9c92a72978080adf30133f234a/elements (handler: ServicedSession)
15:34:38.065 INFO - To upstream: {"using":"css selector","value":"span[app-label-key=\"opp.menu\"]"}
15:34:38.072 INFO - To downstream: {"sessionId":"8a75ca9c92a72978080adf30133f234a","status":0,"value":[]}
15:34:38.576 INFO - Found handler: org.openqa.selenium.remote.server.ServicedSession@2cff1f29
15:34:38.576 INFO - Handler thread for session 8a75ca9c92a72978080adf30133f234a (chrome): Executing POST on /session/8a75ca9c92a72978080adf30133f234a/elements (handler: ServicedSession)
15:34:38.577 INFO - To upstream: {"using":"css selector","value":"span[app-label-key=\"opp.menu\"]"}
15:34:38.585 INFO - To downstream: {"sessionId":"8a75ca9c92a72978080adf30133f234a","status":0,"value":[]}
15:34:39.086 INFO - Found handler: org.openqa.selenium.remote.server.ServicedSession@2cff1f29
15:34:39.086 INFO - Handler thread for session 8a75ca9c92a72978080adf30133f234a (chrome): Executing POST on /session/8a75ca9c92a72978080adf30133f234a/elements (handler: ServicedSession)
15:34:39.088 INFO - To upstream: {"using":"css selector","value":"span[app-label-key=\"opp.menu\"]"}
15:34:39.095 INFO - To downstream: {"sessionId":"8a75ca9c92a72978080adf30133f234a","status":0,"value":[]}
15:34:39.609 INFO - Found handler: org.openqa.selenium.remote.server.ServicedSession@2cff1f29
15:34:39.609 INFO - Handler thread for session 8a75ca9c92a72978080adf30133f234a (chrome): Executing POST on /session/8a75ca9c92a72978080adf30133f234a/elements (handler: ServicedSession)
15:34:39.610 INFO - To upstream: {"using":"css selector","value":"span[app-label-key=\"opp.menu\"]"}
15:34:39.617 INFO - To downstream: {"sessionId":"8a75ca9c92a72978080adf30133f234a","status":0,"value":[]}
15:34:40.127 INFO - Found handler: org.openqa.selenium.remote.server.ServicedSession@2cff1f29
15:34:40.127 INFO - Handler thread for session 8a75ca9c92a72978080adf30133f234a (chrome): Executing POST on /session/8a75ca9c92a72978080adf30133f234a/elements (handler: ServicedSession)
15:34:40.128 INFO - To upstream: {"using":"css selector","value":"span[app-label-key=\"opp.menu\"]"}
15:34:40.135 INFO - To downstream: {"sessionId":"8a75ca9c92a72978080adf30133f234a","status":0,"value":[]}
15:34:40.638 INFO - Found handler: org.openqa.selenium.remote.server.ServicedSession@2cff1f29
15:34:40.638 INFO - Handler thread for session 8a75ca9c92a72978080adf30133f234a (chrome): Executing POST on /session/8a75ca9c92a72978080adf30133f234a/elements (handler: ServicedSession)
15:34:40.639 INFO - To upstream: {"using":"css selector","value":"span[app-label-key=\"opp.menu\"]"}
15:34:40.647 INFO - To downstream: {"sessionId":"8a75ca9c92a72978080adf30133f234a","status":0,"value":[]}
15:34:41.151 INFO - Found handler: org.openqa.selenium.remote.server.ServicedSession@2cff1f29
15:34:41.151 INFO - Handler thread for session 8a75ca9c92a72978080adf30133f234a (chrome): Executing POST on /session/8a75ca9c92a72978080adf30133f234a/elements (handler: ServicedSession)
15:34:41.152 INFO - To upstream: {"using":"css selector","value":"span[app-label-key=\"opp.menu\"]"}
15:34:41.160 INFO - To downstream: {"sessionId":"8a75ca9c92a72978080adf30133f234a","status":0,"value":[]}
15:34:41.662 INFO - Found handler: org.openqa.selenium.remote.server.ServicedSession@2cff1f29
15:34:41.663 INFO - Handler thread for session 8a75ca9c92a72978080adf30133f234a (chrome): Executing POST on /session/8a75ca9c92a72978080adf30133f234a/elements (handler: ServicedSession)
15:34:41.664 INFO - To upstream: {"using":"css selector","value":"span[app-label-key=\"opp.menu\"]"}
15:34:41.671 INFO - To downstream: {"sessionId":"8a75ca9c92a72978080adf30133f234a","status":0,"value":[]}
15:34:42.173 INFO - Found handler: org.openqa.selenium.remote.server.ServicedSession@2cff1f29
15:34:42.174 INFO - Handler thread for session 8a75ca9c92a72978080adf30133f234a (chrome): Executing POST on /session/8a75ca9c92a72978080adf30133f234a/elements (handler: ServicedSession)
15:34:42.175 INFO - To upstream: {"using":"css selector","value":"span[app-label-key=\"opp.menu\"]"}
15:34:42.181 INFO - To downstream: {"sessionId":"8a75ca9c92a72978080adf30133f234a","status":0,"value":[]}
15:34:42.683 INFO - Found handler: org.openqa.selenium.remote.server.ServicedSession@2cff1f29
15:34:42.683 INFO - Handler thread for session 8a75ca9c92a72978080adf30133f234a (chrome): Executing POST on /session/8a75ca9c92a72978080adf30133f234a/elements (handler: ServicedSession)
15:34:42.684 INFO - To upstream: {"using":"css selector","value":"span[app-label-key=\"opp.menu\"]"}
15:34:42.692 INFO - To downstream: {"sessionId":"8a75ca9c92a72978080adf30133f234a","status":0,"value":[]}
15:34:43.195 INFO - Found handler: org.openqa.selenium.remote.server.ServicedSession@2cff1f29
15:34:43.195 INFO - Handler thread for session 8a75ca9c92a72978080adf30133f234a (chrome): Executing POST on /session/8a75ca9c92a72978080adf30133f234a/elements (handler: ServicedSession)
15:34:43.196 INFO - To upstream: {"using":"css selector","value":"span[app-label-key=\"opp.menu\"]"}
15:34:43.203 INFO - To downstream: {"sessionId":"8a75ca9c92a72978080adf30133f234a","status":0,"value":[]}
15:34:43.706 INFO - Found handler: org.openqa.selenium.remote.server.ServicedSession@2cff1f29
15:34:43.706 INFO - Handler thread for session 8a75ca9c92a72978080adf30133f234a (chrome): Executing POST on /session/8a75ca9c92a72978080adf30133f234a/elements (handler: ServicedSession)
15:34:43.707 INFO - To upstream: {"using":"css selector","value":"span[app-label-key=\"opp.menu\"]"}
15:34:43.714 INFO - To downstream: {"sessionId":"8a75ca9c92a72978080adf30133f234a","status":0,"value":[]}
15:34:44.216 INFO - Found handler: org.openqa.selenium.remote.server.ServicedSession@2cff1f29
15:34:44.217 INFO - Handler thread for session 8a75ca9c92a72978080adf30133f234a (chrome): Executing POST on /session/8a75ca9c92a72978080adf30133f234a/elements (handler: ServicedSession)
15:34:44.218 INFO - To upstream: {"using":"css selector","value":"span[app-label-key=\"opp.menu\"]"}
15:34:44.225 INFO - To downstream: {"sessionId":"8a75ca9c92a72978080adf30133f234a","status":0,"value":[]}
15:34:44.736 INFO - Found handler: org.openqa.selenium.remote.server.ServicedSession@2cff1f29
15:34:44.737 INFO - Handler thread for session 8a75ca9c92a72978080adf30133f234a (chrome): Executing POST on /session/8a75ca9c92a72978080adf30133f234a/elements (handler: ServicedSession)
15:34:44.738 INFO - To upstream: {"using":"css selector","value":"span[app-label-key=\"opp.menu\"]"}
15:34:44.745 INFO - To downstream: {"sessionId":"8a75ca9c92a72978080adf30133f234a","status":0,"value":[]}
15:34:45.248 INFO - Found handler: org.openqa.selenium.remote.server.ServicedSession@2cff1f29
15:34:45.249 INFO - Handler thread for session 8a75ca9c92a72978080adf30133f234a (chrome): Executing POST on /session/8a75ca9c92a72978080adf30133f234a/elements (handler: ServicedSession)
15:34:45.249 INFO - To upstream: {"using":"css selector","value":"span[app-label-key=\"opp.menu\"]"}
15:34:45.257 INFO - To downstream: {"sessionId":"8a75ca9c92a72978080adf30133f234a","status":0,"value":[]}
15:34:45.758 INFO - Found handler: org.openqa.selenium.remote.server.ServicedSession@2cff1f29
15:34:45.759 INFO - Handler thread for session 8a75ca9c92a72978080adf30133f234a (chrome): Executing POST on /session/8a75ca9c92a72978080adf30133f234a/elements (handler: ServicedSession)
15:34:45.759 INFO - To upstream: {"using":"css selector","value":"span[app-label-key=\"opp.menu\"]"}
15:34:45.771 INFO - To downstream: {"sessionId":"8a75ca9c92a72978080adf30133f234a","status":0,"value":[]}
15:34:46.274 INFO - Found handler: org.openqa.selenium.remote.server.ServicedSession@2cff1f29
15:34:46.275 INFO - Handler thread for session 8a75ca9c92a72978080adf30133f234a (chrome): Executing POST on /session/8a75ca9c92a72978080adf30133f234a/elements (handler: ServicedSession)
15:34:46.276 INFO - To upstream: {"using":"css selector","value":"span[app-label-key=\"opp.menu\"]"}
15:34:46.285 INFO - To downstream: {"sessionId":"8a75ca9c92a72978080adf30133f234a","status":0,"value":[]}
15:34:46.788 INFO - Found handler: org.openqa.selenium.remote.server.ServicedSession@2cff1f29
15:34:46.788 INFO - Handler thread for session 8a75ca9c92a72978080adf30133f234a (chrome): Executing POST on /session/8a75ca9c92a72978080adf30133f234a/elements (handler: ServicedSession)
15:34:46.789 INFO - To upstream: {"using":"css selector","value":"span[app-label-key=\"opp.menu\"]"}
15:34:46.797 INFO - To downstream: {"sessionId":"8a75ca9c92a72978080adf30133f234a","status":0,"value":[]}
15:34:47.299 INFO - Found handler: org.openqa.selenium.remote.server.ServicedSession@2cff1f29
15:34:47.299 INFO - Handler thread for session 8a75ca9c92a72978080adf30133f234a (chrome): Executing POST on /session/8a75ca9c92a72978080adf30133f234a/elements (handler: ServicedSession)
15:34:47.300 INFO - To upstream: {"using":"css selector","value":"span[app-label-key=\"opp.menu\"]"}
15:34:47.308 INFO - To downstream: {"sessionId":"8a75ca9c92a72978080adf30133f234a","status":0,"value":[]}
15:34:47.810 INFO - Found handler: org.openqa.selenium.remote.server.ServicedSession@2cff1f29
15:34:47.810 INFO - Handler thread for session 8a75ca9c92a72978080adf30133f234a (chrome): Executing POST on /session/8a75ca9c92a72978080adf30133f234a/elements (handler: ServicedSession)
15:34:47.811 INFO - To upstream: {"using":"css selector","value":"span[app-label-key=\"opp.menu\"]"}
15:34:47.817 INFO - To downstream: {"sessionId":"8a75ca9c92a72978080adf30133f234a","status":0,"value":[]}
15:34:48.320 INFO - Found handler: org.openqa.selenium.remote.server.ServicedSession@2cff1f29
15:34:48.321 INFO - Handler thread for session 8a75ca9c92a72978080adf30133f234a (chrome): Executing POST on /session/8a75ca9c92a72978080adf30133f234a/elements (handler: ServicedSession)
15:34:48.321 INFO - To upstream: {"using":"css selector","value":"span[app-label-key=\"opp.menu\"]"}
15:34:48.329 INFO - To downstream: {"sessionId":"8a75ca9c92a72978080adf30133f234a","status":0,"value":[]}
15:34:48.831 INFO - Found handler: org.openqa.selenium.remote.server.ServicedSession@2cff1f29
15:34:48.832 INFO - Handler thread for session 8a75ca9c92a72978080adf30133f234a (chrome): Executing POST on /session/8a75ca9c92a72978080adf30133f234a/elements (handler: ServicedSession)
15:34:48.833 INFO - To upstream: {"using":"css selector","value":"span[app-label-key=\"opp.menu\"]"}
15:34:48.840 INFO - To downstream: {"sessionId":"8a75ca9c92a72978080adf30133f234a","status":0,"value":[]}
15:34:49.342 INFO - Found handler: org.openqa.selenium.remote.server.ServicedSession@2cff1f29
15:34:49.342 INFO - Handler thread for session 8a75ca9c92a72978080adf30133f234a (chrome): Executing POST on /session/8a75ca9c92a72978080adf30133f234a/elements (handler: ServicedSession)
15:34:49.343 INFO - To upstream: {"using":"css selector","value":"span[app-label-key=\"opp.menu\"]"}
15:34:49.353 INFO - To downstream: {"sessionId":"8a75ca9c92a72978080adf30133f234a","status":0,"value":[]}
15:34:49.855 INFO - Found handler: org.openqa.selenium.remote.server.ServicedSession@2cff1f29
15:34:49.855 INFO - Handler thread for session 8a75ca9c92a72978080adf30133f234a (chrome): Executing POST on /session/8a75ca9c92a72978080adf30133f234a/elements (handler: ServicedSession)
15:34:49.856 INFO - To upstream: {"using":"css selector","value":"span[app-label-key=\"opp.menu\"]"}
15:34:49.864 INFO - To downstream: {"sessionId":"8a75ca9c92a72978080adf30133f234a","status":0,"value":[]}
15:34:50.367 INFO - Found handler: org.openqa.selenium.remote.server.ServicedSession@2cff1f29
15:34:50.367 INFO - Handler thread for session 8a75ca9c92a72978080adf30133f234a (chrome): Executing POST on /session/8a75ca9c92a72978080adf30133f234a/elements (handler: ServicedSession)
15:34:50.368 INFO - To upstream: {"using":"css selector","value":"span[app-label-key=\"opp.menu\"]"}
15:34:50.377 INFO - To downstream: {"sessionId":"8a75ca9c92a72978080adf30133f234a","status":0,"value":[]}
15:34:50.881 INFO - Found handler: org.openqa.selenium.remote.server.ServicedSession@2cff1f29
15:34:50.882 INFO - Handler thread for session 8a75ca9c92a72978080adf30133f234a (chrome): Executing POST on /session/8a75ca9c92a72978080adf30133f234a/elements (handler: ServicedSession)
15:34:50.883 INFO - To upstream: {"using":"css selector","value":"span[app-label-key=\"opp.menu\"]"}
15:34:50.892 INFO - To downstream: {"sessionId":"8a75ca9c92a72978080adf30133f234a","status":0,"value":[]}
15:34:51.398 INFO - Found handler: org.openqa.selenium.remote.server.ServicedSession@2cff1f29
15:34:51.398 INFO - Handler thread for session 8a75ca9c92a72978080adf30133f234a (chrome): Executing POST on /session/8a75ca9c92a72978080adf30133f234a/elements (handler: ServicedSession)
15:34:51.399 INFO - To upstream: {"using":"css selector","value":"span[app-label-key=\"opp.menu\"]"}
15:34:52.633 INFO - To downstream: {"sessionId":"8a75ca9c92a72978080adf30133f234a","status":0,"value":[{"ELEMENT":"0.6775503686535254-1"}]}
15:34:52.637 INFO - Found handler: org.openqa.selenium.remote.server.ServicedSession@2cff1f29
15:34:52.637 INFO - Handler thread for session 8a75ca9c92a72978080adf30133f234a (chrome): Executing GET on /session/8a75ca9c92a72978080adf30133f234a/element/0.6775503686535254-1/displayed (handler: ServicedSession)
15:34:52.656 INFO - To downstream: {"sessionId":"8a75ca9c92a72978080adf30133f234a","status":0,"value":false}
15:34:53.160 INFO - Found handler: org.openqa.selenium.remote.server.ServicedSession@2cff1f29
15:34:53.160 INFO - Handler thread for session 8a75ca9c92a72978080adf30133f234a (chrome): Executing GET on /session/8a75ca9c92a72978080adf30133f234a/element/0.6775503686535254-1/displayed (handler: ServicedSession)
15:34:53.169 INFO - To downstream: {"sessionId":"8a75ca9c92a72978080adf30133f234a","status":0,"value":false}
15:34:53.672 INFO - Found handler: org.openqa.selenium.remote.server.ServicedSession@2cff1f29
15:34:53.673 INFO - Handler thread for session 8a75ca9c92a72978080adf30133f234a (chrome): Executing GET on /session/8a75ca9c92a72978080adf30133f234a/element/0.6775503686535254-1/displayed (handler: ServicedSession)
15:34:53.680 INFO - To downstream: {"sessionId":"8a75ca9c92a72978080adf30133f234a","status":0,"value":false}
15:34:54.183 INFO - Found handler: org.openqa.selenium.remote.server.ServicedSession@2cff1f29
15:34:54.183 INFO - Handler thread for session 8a75ca9c92a72978080adf30133f234a (chrome): Executing GET on /session/8a75ca9c92a72978080adf30133f234a/element/0.6775503686535254-1/displayed (handler: ServicedSession)
15:34:54.191 INFO - To downstream: {"sessionId":"8a75ca9c92a72978080adf30133f234a","status":0,"value":false}
15:34:54.696 INFO - Found handler: org.openqa.selenium.remote.server.ServicedSession@2cff1f29
15:34:54.696 INFO - Handler thread for session 8a75ca9c92a72978080adf30133f234a (chrome): Executing GET on /session/8a75ca9c92a72978080adf30133f234a/element/0.6775503686535254-1/displayed (handler: ServicedSession)
15:34:54.707 INFO - To downstream: {"sessionId":"8a75ca9c92a72978080adf30133f234a","status":0,"value":false}
15:34:55.212 INFO - Found handler: org.openqa.selenium.remote.server.ServicedSession@2cff1f29
15:34:55.212 INFO - Handler thread for session 8a75ca9c92a72978080adf30133f234a (chrome): Executing GET on /session/8a75ca9c92a72978080adf30133f234a/element/0.6775503686535254-1/displayed (handler: ServicedSession)
15:34:57.423 INFO - To downstream: {"sessionId":"8a75ca9c92a72978080adf30133f234a","status":0,"value":true}
15:34:57.428 INFO - Found handler: org.openqa.selenium.remote.server.ServicedSession@2cff1f29
15:34:57.428 INFO - Handler thread for session 8a75ca9c92a72978080adf30133f234a (chrome): Executing POST on /session/8a75ca9c92a72978080adf30133f234a/element (handler: ServicedSession)
15:34:57.430 INFO - To upstream: {"using":"css selector","value":"span[app-label-key=\"opp.menu\"]"}
15:34:57.469 INFO - To downstream: {"sessionId":"8a75ca9c92a72978080adf30133f234a","status":0,"value":{"ELEMENT":"0.6775503686535254-1"}}
15:34:57.472 INFO - Found handler: org.openqa.selenium.remote.server.ServicedSession@2cff1f29
15:34:57.472 INFO - Handler thread for session 8a75ca9c92a72978080adf30133f234a (chrome): Executing POST on /session/8a75ca9c92a72978080adf30133f234a/element/0.6775503686535254-1/click (handler: ServicedSession)
15:34:57.473 INFO - To upstream: 
15:34:57.580 INFO - To downstream: {"sessionId":"8a75ca9c92a72978080adf30133f234a","status":0,"value":null}
15:34:57.584 INFO - Found handler: org.openqa.selenium.remote.server.ServicedSession@2cff1f29
15:34:57.585 INFO - Handler thread for session 8a75ca9c92a72978080adf30133f234a (chrome): Executing POST on /session/8a75ca9c92a72978080adf30133f234a/elements (handler: ServicedSession)
15:34:57.585 INFO - To upstream: {"using":"css selector","value":"li[area=\"app-builder\"]"}
15:34:57.619 INFO - To downstream: {"sessionId":"8a75ca9c92a72978080adf30133f234a","status":0,"value":[{"ELEMENT":"0.6775503686535254-2"}]}
15:34:57.623 INFO - Found handler: org.openqa.selenium.remote.server.ServicedSession@2cff1f29
15:34:57.623 INFO - Handler thread for session 8a75ca9c92a72978080adf30133f234a (chrome): Executing GET on /session/8a75ca9c92a72978080adf30133f234a/element/0.6775503686535254-2/displayed (handler: ServicedSession)
15:34:57.651 INFO - To downstream: {"sessionId":"8a75ca9c92a72978080adf30133f234a","status":0,"value":true}
15:34:57.656 INFO - Found handler: org.openqa.selenium.remote.server.ServicedSession@2cff1f29
15:34:57.657 INFO - Handler thread for session 8a75ca9c92a72978080adf30133f234a (chrome): Executing POST on /session/8a75ca9c92a72978080adf30133f234a/element (handler: ServicedSession)
15:34:57.658 INFO - To upstream: {"using":"css selector","value":"li[area=\"app-builder\"]"}
15:34:57.691 INFO - To downstream: {"sessionId":"8a75ca9c92a72978080adf30133f234a","status":0,"value":{"ELEMENT":"0.6775503686535254-2"}}
15:34:57.697 INFO - Found handler: org.openqa.selenium.remote.server.ServicedSession@2cff1f29
15:34:57.697 INFO - Handler thread for session 8a75ca9c92a72978080adf30133f234a (chrome): Executing POST on /session/8a75ca9c92a72978080adf30133f234a/element/0.6775503686535254-2/click (handler: ServicedSession)
15:34:57.699 INFO - To upstream: 
15:34:57.888 INFO - To downstream: {"sessionId":"8a75ca9c92a72978080adf30133f234a","status":0,"value":null}
15:34:57.895 INFO - Found handler: org.openqa.selenium.remote.server.ServicedSession@2cff1f29
15:34:57.895 INFO - Handler thread for session 8a75ca9c92a72978080adf30133f234a (chrome): Executing POST on /session/8a75ca9c92a72978080adf30133f234a/element (handler: ServicedSession)
15:34:57.897 INFO - To upstream: {"using":"css selector","value":"span[app-label-key=\"opp.menu\"]"}
15:34:57.915 INFO - To downstream: {"sessionId":"8a75ca9c92a72978080adf30133f234a","status":0,"value":{"ELEMENT":"0.6775503686535254-1"}}
15:34:57.920 INFO - Found handler: org.openqa.selenium.remote.server.ServicedSession@2cff1f29
15:34:57.920 INFO - Handler thread for session 8a75ca9c92a72978080adf30133f234a (chrome): Executing POST on /session/8a75ca9c92a72978080adf30133f234a/element/0.6775503686535254-1/click (handler: ServicedSession)
15:34:57.922 INFO - To upstream: 
15:34:57.989 INFO - To downstream: {"sessionId":"8a75ca9c92a72978080adf30133f234a","status":13,"value":{"message":"unknown error: Element \u003Cspan app-label-key=\"opp.menu\" class=\"app-label\" app-label-lang=\"en\">...\u003C/span> is not clickable at point (134, 30). Other element would receive the click: \u003Cdiv class=\"col-sm-12 hidden-xs\" id=\"op-masthead-sublinks\">...\u003C/div>\n  (Session info: chrome=62.0.3202.94)\n  (Driver info: chromedriver=2.33.506120 (e3e53437346286c0bc2d2dc9aa4915ba81d9023f),platform=Windows NT 6.3.9600 x86_64)"}}
15:34:58.002 INFO - Found handler: org.openqa.selenium.remote.server.ServicedSession@2cff1f29
15:34:58.003 INFO - Handler thread for session 8a75ca9c92a72978080adf30133f234a (chrome): Executing POST on /session/8a75ca9c92a72978080adf30133f234a/elements (handler: ServicedSession)
15:34:58.004 INFO - To upstream: {"using":"css selector","value":"div[webix_l_id=\"1\"]"}
15:34:58.049 INFO - To downstream: {"sessionId":"8a75ca9c92a72978080adf30133f234a","status":0,"value":[{"ELEMENT":"0.6775503686535254-3"},{"ELEMENT":"0.6775503686535254-4"},{"ELEMENT":"0.6775503686535254-5"},{"ELEMENT":"0.6775503686535254-6"},{"ELEMENT":"0.6775503686535254-7"}]}
15:34:58.072 INFO - Found handler: org.openqa.selenium.remote.server.ServicedSession@2cff1f29
15:34:58.073 INFO - Handler thread for session 8a75ca9c92a72978080adf30133f234a (chrome): Executing GET on /session/8a75ca9c92a72978080adf30133f234a/element/0.6775503686535254-3/displayed (handler: ServicedSession)
15:34:58.112 INFO - To downstream: {"sessionId":"8a75ca9c92a72978080adf30133f234a","status":0,"value":true}
15:34:58.135 INFO - Found handler: org.openqa.selenium.remote.server.ServicedSession@2cff1f29
15:34:58.135 INFO - Handler thread for session 8a75ca9c92a72978080adf30133f234a (chrome): Executing POST on /session/8a75ca9c92a72978080adf30133f234a/element (handler: ServicedSession)
15:34:58.137 INFO - To upstream: {"using":"css selector","value":"div[webix_l_id=\"1\"]"}
15:34:58.164 INFO - To downstream: {"sessionId":"8a75ca9c92a72978080adf30133f234a","status":0,"value":{"ELEMENT":"0.6775503686535254-3"}}
15:34:58.168 INFO - Found handler: org.openqa.selenium.remote.server.ServicedSession@2cff1f29
15:34:58.168 INFO - Handler thread for session 8a75ca9c92a72978080adf30133f234a (chrome): Executing POST on /session/8a75ca9c92a72978080adf30133f234a/element/0.6775503686535254-3/click (handler: ServicedSession)
15:34:58.169 INFO - To upstream: 
15:34:58.283 INFO - To downstream: {"sessionId":"8a75ca9c92a72978080adf30133f234a","status":0,"value":null}
15:34:58.289 INFO - Found handler: org.openqa.selenium.remote.server.ServicedSession@2cff1f29
15:34:58.290 INFO - Handler thread for session 8a75ca9c92a72978080adf30133f234a (chrome): Executing POST on /session/8a75ca9c92a72978080adf30133f234a/elements (handler: ServicedSession)
15:34:58.291 INFO - To upstream: {"using":"css selector","value":"div[view_id^=\"ab_work_object_list_editlist\"] .webix_scroll_cont .webix_list_item"}
15:34:58.317 INFO - To downstream: {"sessionId":"8a75ca9c92a72978080adf30133f234a","status":0,"value":[{"ELEMENT":"0.6775503686535254-8"},{"ELEMENT":"0.6775503686535254-9"}]}
15:34:58.323 INFO - Found handler: org.openqa.selenium.remote.server.ServicedSession@2cff1f29
15:34:58.323 INFO - Handler thread for session 8a75ca9c92a72978080adf30133f234a (chrome): Executing POST on /session/8a75ca9c92a72978080adf30133f234a/elements (handler: ServicedSession)
15:34:58.324 INFO - To upstream: {"using":"css selector","value":"div[view_id^=\"ab_work_object_list_editlist\"] .webix_list_item:nth-of-type(3) .ab-object-list-item"}
15:34:58.351 INFO - To downstream: {"sessionId":"8a75ca9c92a72978080adf30133f234a","status":0,"value":[{"ELEMENT":"0.6775503686535254-10"}]}
15:34:58.353 INFO - Found handler: org.openqa.selenium.remote.server.ServicedSession@2cff1f29
15:34:58.353 INFO - Handler thread for session 8a75ca9c92a72978080adf30133f234a (chrome): Executing GET on /session/8a75ca9c92a72978080adf30133f234a/element/0.6775503686535254-10/displayed (handler: ServicedSession)
15:34:58.380 INFO - To downstream: {"sessionId":"8a75ca9c92a72978080adf30133f234a","status":0,"value":true}
15:34:58.384 INFO - Found handler: org.openqa.selenium.remote.server.ServicedSession@2cff1f29
15:34:58.384 INFO - Handler thread for session 8a75ca9c92a72978080adf30133f234a (chrome): Executing POST on /session/8a75ca9c92a72978080adf30133f234a/element (handler: ServicedSession)
15:34:58.385 INFO - To upstream: {"using":"css selector","value":"div[view_id^=\"ab_work_object_list_editlist\"] .webix_list_item:nth-of-type(3) .ab-object-list-item"}
15:34:58.407 INFO - To downstream: {"sessionId":"8a75ca9c92a72978080adf30133f234a","status":0,"value":{"ELEMENT":"0.6775503686535254-10"}}
15:34:58.409 INFO - Found handler: org.openqa.selenium.remote.server.ServicedSession@2cff1f29
15:34:58.409 INFO - Handler thread for session 8a75ca9c92a72978080adf30133f234a (chrome): Executing POST on /session/8a75ca9c92a72978080adf30133f234a/element/0.6775503686535254-10/click (handler: ServicedSession)
15:34:58.410 INFO - To upstream: 
15:34:58.510 INFO - To downstream: {"sessionId":"8a75ca9c92a72978080adf30133f234a","status":0,"value":null}
15:35:00.516 INFO - Found handler: org.openqa.selenium.remote.server.ServicedSession@2cff1f29
15:35:00.516 INFO - Handler thread for session 8a75ca9c92a72978080adf30133f234a (chrome): Executing POST on /session/8a75ca9c92a72978080adf30133f234a/elements (handler: ServicedSession)
15:35:00.517 INFO - To upstream: {"using":"css selector","value":"div[view_id^=\"ab_work_object_workspace_buttonAddField\"] .webix_el_box button"}
15:35:00.541 INFO - To downstream: {"sessionId":"8a75ca9c92a72978080adf30133f234a","status":0,"value":[{"ELEMENT":"0.6775503686535254-11"}]}
15:35:00.544 INFO - Found handler: org.openqa.selenium.remote.server.ServicedSession@2cff1f29
15:35:00.544 INFO - Handler thread for session 8a75ca9c92a72978080adf30133f234a (chrome): Executing GET on /session/8a75ca9c92a72978080adf30133f234a/element/0.6775503686535254-11/displayed (handler: ServicedSession)
15:35:00.568 INFO - To downstream: {"sessionId":"8a75ca9c92a72978080adf30133f234a","status":0,"value":true}
15:35:00.571 INFO - Found handler: org.openqa.selenium.remote.server.ServicedSession@2cff1f29
15:35:00.571 INFO - Handler thread for session 8a75ca9c92a72978080adf30133f234a (chrome): Executing POST on /session/8a75ca9c92a72978080adf30133f234a/element (handler: ServicedSession)
15:35:00.572 INFO - To upstream: {"using":"css selector","value":"div[view_id^=\"ab_work_object_workspace_buttonAddField\"] .webix_el_box button"}
15:35:00.593 INFO - To downstream: {"sessionId":"8a75ca9c92a72978080adf30133f234a","status":0,"value":{"ELEMENT":"0.6775503686535254-11"}}
15:35:00.595 INFO - Found handler: org.openqa.selenium.remote.server.ServicedSession@2cff1f29
15:35:00.595 INFO - Handler thread for session 8a75ca9c92a72978080adf30133f234a (chrome): Executing POST on /session/8a75ca9c92a72978080adf30133f234a/element/0.6775503686535254-11/click (handler: ServicedSession)
15:35:00.596 INFO - To upstream: 
15:35:00.670 INFO - To downstream: {"sessionId":"8a75ca9c92a72978080adf30133f234a","status":0,"value":null}
15:35:00.676 INFO - Found handler: org.openqa.selenium.remote.server.ServicedSession@2cff1f29
15:35:00.677 INFO - Handler thread for session 8a75ca9c92a72978080adf30133f234a (chrome): Executing POST on /session/8a75ca9c92a72978080adf30133f234a/elements (handler: ServicedSession)
15:35:00.678 INFO - To upstream: {"using":"css selector","value":"div[view_id^=\"ab_work_object_workspace_popupNewDataField_types\"] .webix_el_box .webix_inp_static"}
15:35:00.703 INFO - To downstream: {"sessionId":"8a75ca9c92a72978080adf30133f234a","status":0,"value":[{"ELEMENT":"0.6775503686535254-12"}]}
15:35:00.705 INFO - Found handler: org.openqa.selenium.remote.server.ServicedSession@2cff1f29
15:35:00.705 INFO - Handler thread for session 8a75ca9c92a72978080adf30133f234a (chrome): Executing GET on /session/8a75ca9c92a72978080adf30133f234a/element/0.6775503686535254-12/displayed (handler: ServicedSession)
15:35:00.725 INFO - To downstream: {"sessionId":"8a75ca9c92a72978080adf30133f234a","status":0,"value":true}
15:35:00.728 INFO - Found handler: org.openqa.selenium.remote.server.ServicedSession@2cff1f29
15:35:00.728 INFO - Handler thread for session 8a75ca9c92a72978080adf30133f234a (chrome): Executing POST on /session/8a75ca9c92a72978080adf30133f234a/element (handler: ServicedSession)
15:35:00.729 INFO - To upstream: {"using":"css selector","value":"div[view_id^=\"ab_work_object_workspace_popupNewDataField_types\"] .webix_el_box .webix_inp_static"}
15:35:00.751 INFO - To downstream: {"sessionId":"8a75ca9c92a72978080adf30133f234a","status":0,"value":{"ELEMENT":"0.6775503686535254-12"}}
15:35:00.753 INFO - Found handler: org.openqa.selenium.remote.server.ServicedSession@2cff1f29
15:35:00.753 INFO - Handler thread for session 8a75ca9c92a72978080adf30133f234a (chrome): Executing POST on /session/8a75ca9c92a72978080adf30133f234a/element/0.6775503686535254-12/click (handler: ServicedSession)
15:35:00.754 INFO - To upstream: 
15:35:00.815 INFO - To downstream: {"sessionId":"8a75ca9c92a72978080adf30133f234a","status":0,"value":null}
15:35:03.819 INFO - Found handler: org.openqa.selenium.remote.server.ServicedSession@2cff1f29
15:35:03.819 INFO - Handler thread for session 8a75ca9c92a72978080adf30133f234a (chrome): Executing POST on /session/8a75ca9c92a72978080adf30133f234a/elements (handler: ServicedSession)
15:35:03.820 INFO - To upstream: {"using":"css selector","value":"div[webix_l_id=\"*File Attachment\"]"}
15:35:03.840 INFO - To downstream: {"sessionId":"8a75ca9c92a72978080adf30133f234a","status":0,"value":[{"ELEMENT":"0.6775503686535254-13"}]}
15:35:03.842 INFO - Found handler: org.openqa.selenium.remote.server.ServicedSession@2cff1f29
15:35:03.842 INFO - Handler thread for session 8a75ca9c92a72978080adf30133f234a (chrome): Executing GET on /session/8a75ca9c92a72978080adf30133f234a/element/0.6775503686535254-13/displayed (handler: ServicedSession)
15:35:03.861 INFO - To downstream: {"sessionId":"8a75ca9c92a72978080adf30133f234a","status":0,"value":true}
15:35:03.864 INFO - Found handler: org.openqa.selenium.remote.server.ServicedSession@2cff1f29
15:35:03.864 INFO - Handler thread for session 8a75ca9c92a72978080adf30133f234a (chrome): Executing POST on /session/8a75ca9c92a72978080adf30133f234a/element (handler: ServicedSession)
15:35:03.865 INFO - To upstream: {"using":"css selector","value":"div[webix_l_id=\"*File Attachment\"]"}
15:35:03.892 INFO - To downstream: {"sessionId":"8a75ca9c92a72978080adf30133f234a","status":0,"value":{"ELEMENT":"0.6775503686535254-13"}}
15:35:03.895 INFO - Found handler: org.openqa.selenium.remote.server.ServicedSession@2cff1f29
15:35:03.896 INFO - Handler thread for session 8a75ca9c92a72978080adf30133f234a (chrome): Executing POST on /session/8a75ca9c92a72978080adf30133f234a/element/0.6775503686535254-13/click (handler: ServicedSession)
15:35:03.897 INFO - To upstream: 
15:35:03.972 INFO - To downstream: {"sessionId":"8a75ca9c92a72978080adf30133f234a","status":0,"value":null}
15:35:03.986 INFO - Found handler: org.openqa.selenium.remote.server.ServicedSession@2cff1f29
15:35:03.986 INFO - Handler thread for session 8a75ca9c92a72978080adf30133f234a (chrome): Executing POST on /session/8a75ca9c92a72978080adf30133f234a/elements (handler: ServicedSession)
15:35:03.987 INFO - To upstream: {"using":"css selector","value":"div[view_id^=\"file_label\"] input"}
15:35:04.019 INFO - To downstream: {"sessionId":"8a75ca9c92a72978080adf30133f234a","status":0,"value":[{"ELEMENT":"0.6775503686535254-14"}]}
15:35:04.021 INFO - Found handler: org.openqa.selenium.remote.server.ServicedSession@2cff1f29
15:35:04.021 INFO - Handler thread for session 8a75ca9c92a72978080adf30133f234a (chrome): Executing GET on /session/8a75ca9c92a72978080adf30133f234a/element/0.6775503686535254-14/displayed (handler: ServicedSession)
15:35:04.044 INFO - To downstream: {"sessionId":"8a75ca9c92a72978080adf30133f234a","status":0,"value":false}
15:35:04.545 INFO - Found handler: org.openqa.selenium.remote.server.ServicedSession@2cff1f29
15:35:04.545 INFO - Handler thread for session 8a75ca9c92a72978080adf30133f234a (chrome): Executing GET on /session/8a75ca9c92a72978080adf30133f234a/element/0.6775503686535254-14/displayed (handler: ServicedSession)
15:35:04.553 INFO - To downstream: {"sessionId":"8a75ca9c92a72978080adf30133f234a","status":0,"value":true}
15:35:04.556 INFO - Found handler: org.openqa.selenium.remote.server.ServicedSession@2cff1f29
15:35:04.556 INFO - Handler thread for session 8a75ca9c92a72978080adf30133f234a (chrome): Executing POST on /session/8a75ca9c92a72978080adf30133f234a/element (handler: ServicedSession)
15:35:04.557 INFO - To upstream: {"using":"css selector","value":"div[view_id^=\"file_label\"] input"}
15:35:04.576 INFO - To downstream: {"sessionId":"8a75ca9c92a72978080adf30133f234a","status":0,"value":{"ELEMENT":"0.6775503686535254-14"}}
15:35:04.579 INFO - Found handler: org.openqa.selenium.remote.server.ServicedSession@2cff1f29
15:35:04.579 INFO - Handler thread for session 8a75ca9c92a72978080adf30133f234a (chrome): Executing POST on /session/8a75ca9c92a72978080adf30133f234a/element/0.6775503686535254-14/value (handler: ServicedSession)
15:35:04.580 INFO - To upstream: {"value":["j","Z","Y","k","U","k","T","k","i","S","P","Y","x","Q","M","s","X","q","n","Q"]}
15:35:04.843 INFO - To downstream: {"sessionId":"8a75ca9c92a72978080adf30133f234a","status":0,"value":null}
15:35:04.845 INFO - Found handler: org.openqa.selenium.remote.server.ServicedSession@2cff1f29
15:35:04.845 INFO - Handler thread for session 8a75ca9c92a72978080adf30133f234a (chrome): Executing POST on /session/8a75ca9c92a72978080adf30133f234a/elements (handler: ServicedSession)
15:35:04.846 INFO - To upstream: {"using":"css selector","value":"div[view_id^=\"file_columnName\"] input"}
15:35:04.869 INFO - To downstream: {"sessionId":"8a75ca9c92a72978080adf30133f234a","status":0,"value":[{"ELEMENT":"0.6775503686535254-15"}]}
15:35:04.871 INFO - Found handler: org.openqa.selenium.remote.server.ServicedSession@2cff1f29
15:35:04.872 INFO - Handler thread for session 8a75ca9c92a72978080adf30133f234a (chrome): Executing GET on /session/8a75ca9c92a72978080adf30133f234a/element/0.6775503686535254-15/displayed (handler: ServicedSession)
15:35:04.892 INFO - To downstream: {"sessionId":"8a75ca9c92a72978080adf30133f234a","status":0,"value":true}
15:35:04.895 INFO - Found handler: org.openqa.selenium.remote.server.ServicedSession@2cff1f29
15:35:04.895 INFO - Handler thread for session 8a75ca9c92a72978080adf30133f234a (chrome): Executing POST on /session/8a75ca9c92a72978080adf30133f234a/element (handler: ServicedSession)
15:35:04.896 INFO - To upstream: {"using":"css selector","value":"div[view_id^=\"file_columnName\"] input"}
15:35:04.916 INFO - To downstream: {"sessionId":"8a75ca9c92a72978080adf30133f234a","status":0,"value":{"ELEMENT":"0.6775503686535254-15"}}
15:35:04.918 INFO - Found handler: org.openqa.selenium.remote.server.ServicedSession@2cff1f29
15:35:04.919 INFO - Handler thread for session 8a75ca9c92a72978080adf30133f234a (chrome): Executing POST on /session/8a75ca9c92a72978080adf30133f234a/element/0.6775503686535254-15/value (handler: ServicedSession)
15:35:04.919 INFO - To upstream: {"value":["H","n","f","Q","t","g","w","V","I","Z","G","V","y","l","j","I","k","Y","S","N"]}
15:35:05.160 INFO - To downstream: {"sessionId":"8a75ca9c92a72978080adf30133f234a","status":0,"value":null}
15:35:05.164 INFO - Found handler: org.openqa.selenium.remote.server.ServicedSession@2cff1f29
15:35:05.165 INFO - Handler thread for session 8a75ca9c92a72978080adf30133f234a (chrome): Executing POST on /session/8a75ca9c92a72978080adf30133f234a/elements (handler: ServicedSession)
15:35:05.167 INFO - To upstream: {"using":"css selector","value":"div[view_id^=\"ab_work_object_workspace_popupNewDataField_buttonSave\"] button"}
15:35:05.191 INFO - To downstream: {"sessionId":"8a75ca9c92a72978080adf30133f234a","status":0,"value":[{"ELEMENT":"0.6775503686535254-16"}]}
15:35:05.193 INFO - Found handler: org.openqa.selenium.remote.server.ServicedSession@2cff1f29
15:35:05.193 INFO - Handler thread for session 8a75ca9c92a72978080adf30133f234a (chrome): Executing GET on /session/8a75ca9c92a72978080adf30133f234a/element/0.6775503686535254-16/displayed (handler: ServicedSession)
15:35:05.213 INFO - To downstream: {"sessionId":"8a75ca9c92a72978080adf30133f234a","status":0,"value":true}
15:35:05.216 INFO - Found handler: org.openqa.selenium.remote.server.ServicedSession@2cff1f29
15:35:05.217 INFO - Handler thread for session 8a75ca9c92a72978080adf30133f234a (chrome): Executing POST on /session/8a75ca9c92a72978080adf30133f234a/element (handler: ServicedSession)
15:35:05.218 INFO - To upstream: {"using":"css selector","value":"div[view_id^=\"ab_work_object_workspace_popupNewDataField_buttonSave\"] button"}
15:35:05.238 INFO - To downstream: {"sessionId":"8a75ca9c92a72978080adf30133f234a","status":0,"value":{"ELEMENT":"0.6775503686535254-16"}}
15:35:05.241 INFO - Found handler: org.openqa.selenium.remote.server.ServicedSession@2cff1f29
15:35:05.241 INFO - Handler thread for session 8a75ca9c92a72978080adf30133f234a (chrome): Executing POST on /session/8a75ca9c92a72978080adf30133f234a/element/0.6775503686535254-16/click (handler: ServicedSession)
15:35:05.241 INFO - To upstream: 
15:35:05.312 INFO - To downstream: {"sessionId":"8a75ca9c92a72978080adf30133f234a","status":0,"value":null}
15:35:10.317 INFO - Found handler: org.openqa.selenium.remote.server.ServicedSession@2cff1f29
15:35:10.317 INFO - Handler thread for session 8a75ca9c92a72978080adf30133f234a (chrome): Executing POST on /session/8a75ca9c92a72978080adf30133f234a/elements (handler: ServicedSession)
15:35:10.318 INFO - To upstream: {"using":"css selector","value":"div[view_id^=\"ab_work_object_workspace_buttonRowNew\"] button"}
15:35:10.338 INFO - To downstream: {"sessionId":"8a75ca9c92a72978080adf30133f234a","status":0,"value":[{"ELEMENT":"0.6775503686535254-17"}]}
15:35:10.340 INFO - Found handler: org.openqa.selenium.remote.server.ServicedSession@2cff1f29
15:35:10.340 INFO - Handler thread for session 8a75ca9c92a72978080adf30133f234a (chrome): Executing GET on /session/8a75ca9c92a72978080adf30133f234a/element/0.6775503686535254-17/displayed (handler: ServicedSession)
15:35:10.359 INFO - To downstream: {"sessionId":"8a75ca9c92a72978080adf30133f234a","status":0,"value":true}
15:35:10.363 INFO - Found handler: org.openqa.selenium.remote.server.ServicedSession@2cff1f29
15:35:10.363 INFO - Handler thread for session 8a75ca9c92a72978080adf30133f234a (chrome): Executing POST on /session/8a75ca9c92a72978080adf30133f234a/element (handler: ServicedSession)
15:35:10.364 INFO - To upstream: {"using":"css selector","value":"div[view_id^=\"ab_work_object_workspace_buttonRowNew\"] button"}
15:35:10.384 INFO - To downstream: {"sessionId":"8a75ca9c92a72978080adf30133f234a","status":0,"value":{"ELEMENT":"0.6775503686535254-17"}}
15:35:10.386 INFO - Found handler: org.openqa.selenium.remote.server.ServicedSession@2cff1f29
15:35:10.387 INFO - Handler thread for session 8a75ca9c92a72978080adf30133f234a (chrome): Executing POST on /session/8a75ca9c92a72978080adf30133f234a/element/0.6775503686535254-17/click (handler: ServicedSession)
15:35:10.387 INFO - To upstream: 
15:35:10.453 INFO - To downstream: {"sessionId":"8a75ca9c92a72978080adf30133f234a","status":0,"value":null}
15:35:15.457 INFO - Found handler: org.openqa.selenium.remote.server.ServicedSession@2cff1f29
15:35:15.458 INFO - Handler thread for session 8a75ca9c92a72978080adf30133f234a (chrome): Executing POST on /session/8a75ca9c92a72978080adf30133f234a/elements (handler: ServicedSession)
15:35:15.459 INFO - To upstream: {"using":"css selector","value":"div[view_id^=\"ab_work_object_workspace_datatable_component\"] .webix_ss_header .webix_hs_center table tr td .webix_hcell"}
15:35:15.480 INFO - To downstream: {"sessionId":"8a75ca9c92a72978080adf30133f234a","status":0,"value":[{"ELEMENT":"0.6775503686535254-18"},{"ELEMENT":"0.6775503686535254-19"},{"ELEMENT":"0.6775503686535254-20"},{"ELEMENT":"0.6775503686535254-21"},{"ELEMENT":"0.6775503686535254-22"}]}
15:35:15.483 INFO - Found handler: org.openqa.selenium.remote.server.ServicedSession@2cff1f29
15:35:15.483 INFO - Handler thread for session 8a75ca9c92a72978080adf30133f234a (chrome): Executing GET on /session/8a75ca9c92a72978080adf30133f234a/element/0.6775503686535254-22/text (handler: ServicedSession)
15:35:15.509 INFO - To downstream: {"sessionId":"8a75ca9c92a72978080adf30133f234a","status":0,"value":"jZYkUkTkiSPYxQMsXqnQ"}
15:35:17.512 INFO - Found handler: org.openqa.selenium.remote.server.ServicedSession@2cff1f29
15:35:17.512 INFO - Handler thread for session 8a75ca9c92a72978080adf30133f234a (chrome): Executing POST on /session/8a75ca9c92a72978080adf30133f234a/elements (handler: ServicedSession)
15:35:17.513 INFO - To upstream: {"using":"css selector","value":"div[view_id^=\"ab_work_object_workspace_datatable_component\"] .webix_ss_header .webix_hs_center table tr td .webix_hcell span"}
15:35:17.534 INFO - To downstream: {"sessionId":"8a75ca9c92a72978080adf30133f234a","status":0,"value":[{"ELEMENT":"0.6775503686535254-23"},{"ELEMENT":"0.6775503686535254-24"},{"ELEMENT":"0.6775503686535254-25"},{"ELEMENT":"0.6775503686535254-26"},{"ELEMENT":"0.6775503686535254-27"}]}
15:35:17.537 INFO - Found handler: org.openqa.selenium.remote.server.ServicedSession@2cff1f29
15:35:17.537 INFO - Handler thread for session 8a75ca9c92a72978080adf30133f234a (chrome): Executing GET on /session/8a75ca9c92a72978080adf30133f234a/element/0.6775503686535254-27/attribute/class (handler: ServicedSession)
15:35:17.544 INFO - To downstream: {"sessionId":"8a75ca9c92a72978080adf30133f234a","status":0,"value":"webix_icon fa-file"}
15:35:19.550 INFO - Found handler: org.openqa.selenium.remote.server.ServicedSession@2cff1f29
15:35:19.550 INFO - Handler thread for session 8a75ca9c92a72978080adf30133f234a (chrome): Executing DELETE on /session/8a75ca9c92a72978080adf30133f234a (handler: ServicedSession)
15:35:19.584 INFO - To downstream: {"sessionId":"8a75ca9c92a72978080adf30133f234a","status":0,"value":null}
15:35:19.599 INFO - Removing session org.openqa.selenium.remote.server.ServicedSession@2cff1f29
